{"/home/rafaelborges/Documentos/Code/bootcampTrabalho/projectPleno/pokemon-web/src/theme.ts": {"path":"/home/rafaelborges/Documentos/Code/bootcampTrabalho/projectPleno/pokemon-web/src/theme.ts","all":false,"statementMap":{"0":{"start":{"line":1,"column":0},"end":{"line":1,"column":15}},"1":{"start":{"line":2,"column":0},"end":{"line":2,"column":11}},"2":{"start":{"line":3,"column":0},"end":{"line":3,"column":26}},"3":{"start":{"line":4,"column":0},"end":{"line":4,"column":22}},"4":{"start":{"line":5,"column":0},"end":{"line":5,"column":22}},"5":{"start":{"line":6,"column":0},"end":{"line":6,"column":24}},"6":{"start":{"line":7,"column":0},"end":{"line":7,"column":22}},"7":{"start":{"line":8,"column":0},"end":{"line":8,"column":25}},"8":{"start":{"line":9,"column":0},"end":{"line":9,"column":24}},"9":{"start":{"line":10,"column":0},"end":{"line":10,"column":27}},"10":{"start":{"line":11,"column":0},"end":{"line":11,"column":27}},"11":{"start":{"line":12,"column":0},"end":{"line":12,"column":30}},"12":{"start":{"line":13,"column":0},"end":{"line":13,"column":20}},"13":{"start":{"line":14,"column":0},"end":{"line":14,"column":20}},"14":{"start":{"line":15,"column":0},"end":{"line":15,"column":21}},"15":{"start":{"line":16,"column":0},"end":{"line":16,"column":21}},"16":{"start":{"line":17,"column":0},"end":{"line":17,"column":30}},"17":{"start":{"line":18,"column":0},"end":{"line":18,"column":20}},"18":{"start":{"line":19,"column":0},"end":{"line":19,"column":30}},"19":{"start":{"line":20,"column":0},"end":{"line":20,"column":31}},"20":{"start":{"line":21,"column":0},"end":{"line":21,"column":27}},"21":{"start":{"line":22,"column":0},"end":{"line":22,"column":30}},"22":{"start":{"line":23,"column":0},"end":{"line":23,"column":28}},"23":{"start":{"line":24,"column":0},"end":{"line":24,"column":29}},"24":{"start":{"line":25,"column":0},"end":{"line":25,"column":4}},"25":{"start":{"line":26,"column":0},"end":{"line":26,"column":13}},"26":{"start":{"line":27,"column":0},"end":{"line":27,"column":31}},"27":{"start":{"line":28,"column":0},"end":{"line":28,"column":31}},"28":{"start":{"line":29,"column":0},"end":{"line":29,"column":30}},"29":{"start":{"line":30,"column":0},"end":{"line":30,"column":31}},"30":{"start":{"line":31,"column":0},"end":{"line":31,"column":29}},"31":{"start":{"line":32,"column":0},"end":{"line":32,"column":32}},"32":{"start":{"line":33,"column":0},"end":{"line":33,"column":31}},"33":{"start":{"line":34,"column":0},"end":{"line":34,"column":32}},"34":{"start":{"line":35,"column":0},"end":{"line":35,"column":28}},"35":{"start":{"line":36,"column":0},"end":{"line":36,"column":32}},"36":{"start":{"line":37,"column":0},"end":{"line":37,"column":31}},"37":{"start":{"line":38,"column":0},"end":{"line":38,"column":30}},"38":{"start":{"line":39,"column":0},"end":{"line":39,"column":32}},"39":{"start":{"line":40,"column":0},"end":{"line":40,"column":31}},"40":{"start":{"line":41,"column":0},"end":{"line":41,"column":32}},"41":{"start":{"line":42,"column":0},"end":{"line":42,"column":28}},"42":{"start":{"line":43,"column":0},"end":{"line":43,"column":32}},"43":{"start":{"line":44,"column":0},"end":{"line":44,"column":31}},"44":{"start":{"line":45,"column":0},"end":{"line":45,"column":30}},"45":{"start":{"line":46,"column":0},"end":{"line":46,"column":32}},"46":{"start":{"line":47,"column":0},"end":{"line":47,"column":28}},"47":{"start":{"line":48,"column":0},"end":{"line":48,"column":32}},"48":{"start":{"line":49,"column":0},"end":{"line":49,"column":32}},"49":{"start":{"line":50,"column":0},"end":{"line":50,"column":30}},"50":{"start":{"line":51,"column":0},"end":{"line":51,"column":28}},"51":{"start":{"line":52,"column":0},"end":{"line":52,"column":30}},"52":{"start":{"line":53,"column":0},"end":{"line":53,"column":31}},"53":{"start":{"line":54,"column":0},"end":{"line":54,"column":31}},"54":{"start":{"line":55,"column":0},"end":{"line":55,"column":28}},"55":{"start":{"line":56,"column":0},"end":{"line":56,"column":31}},"56":{"start":{"line":57,"column":0},"end":{"line":57,"column":33}},"57":{"start":{"line":58,"column":0},"end":{"line":58,"column":30}},"58":{"start":{"line":59,"column":0},"end":{"line":59,"column":30}},"59":{"start":{"line":60,"column":0},"end":{"line":60,"column":32}},"60":{"start":{"line":61,"column":0},"end":{"line":61,"column":32}},"61":{"start":{"line":62,"column":0},"end":{"line":62,"column":33}},"62":{"start":{"line":63,"column":0},"end":{"line":63,"column":33}},"63":{"start":{"line":64,"column":0},"end":{"line":64,"column":34}},"64":{"start":{"line":65,"column":0},"end":{"line":65,"column":30}},"65":{"start":{"line":66,"column":0},"end":{"line":66,"column":33}},"66":{"start":{"line":67,"column":0},"end":{"line":67,"column":33}},"67":{"start":{"line":68,"column":0},"end":{"line":68,"column":31}},"68":{"start":{"line":69,"column":0},"end":{"line":69,"column":32}},"69":{"start":{"line":70,"column":0},"end":{"line":70,"column":30}},"70":{"start":{"line":71,"column":0},"end":{"line":71,"column":0}},"71":{"start":{"line":72,"column":0},"end":{"line":72,"column":0}},"72":{"start":{"line":73,"column":0},"end":{"line":73,"column":0}},"73":{"start":{"line":74,"column":0},"end":{"line":74,"column":4}},"74":{"start":{"line":75,"column":0},"end":{"line":75,"column":16}},"75":{"start":{"line":76,"column":0},"end":{"line":76,"column":23}},"76":{"start":{"line":77,"column":0},"end":{"line":77,"column":24}},"77":{"start":{"line":78,"column":0},"end":{"line":78,"column":24}},"78":{"start":{"line":79,"column":0},"end":{"line":79,"column":24}},"79":{"start":{"line":80,"column":0},"end":{"line":80,"column":24}},"80":{"start":{"line":81,"column":0},"end":{"line":81,"column":24}},"81":{"start":{"line":82,"column":0},"end":{"line":82,"column":24}},"82":{"start":{"line":83,"column":0},"end":{"line":83,"column":24}},"83":{"start":{"line":84,"column":0},"end":{"line":84,"column":24}},"84":{"start":{"line":85,"column":0},"end":{"line":85,"column":24}},"85":{"start":{"line":86,"column":0},"end":{"line":86,"column":24}},"86":{"start":{"line":87,"column":0},"end":{"line":87,"column":24}},"87":{"start":{"line":88,"column":0},"end":{"line":88,"column":24}},"88":{"start":{"line":89,"column":0},"end":{"line":89,"column":24}},"89":{"start":{"line":90,"column":0},"end":{"line":90,"column":24}},"90":{"start":{"line":91,"column":0},"end":{"line":91,"column":24}},"91":{"start":{"line":92,"column":0},"end":{"line":92,"column":24}},"92":{"start":{"line":93,"column":0},"end":{"line":93,"column":24}},"93":{"start":{"line":94,"column":0},"end":{"line":94,"column":24}},"94":{"start":{"line":95,"column":0},"end":{"line":95,"column":24}},"95":{"start":{"line":96,"column":0},"end":{"line":96,"column":24}},"96":{"start":{"line":97,"column":0},"end":{"line":97,"column":4}},"97":{"start":{"line":98,"column":0},"end":{"line":98,"column":10}},"98":{"start":{"line":99,"column":0},"end":{"line":99,"column":35}},"99":{"start":{"line":100,"column":0},"end":{"line":100,"column":34}},"100":{"start":{"line":101,"column":0},"end":{"line":101,"column":34}},"101":{"start":{"line":102,"column":0},"end":{"line":102,"column":31}},"102":{"start":{"line":103,"column":0},"end":{"line":103,"column":34}},"103":{"start":{"line":104,"column":0},"end":{"line":104,"column":33}},"104":{"start":{"line":105,"column":0},"end":{"line":105,"column":32}},"105":{"start":{"line":106,"column":0},"end":{"line":106,"column":33}},"106":{"start":{"line":107,"column":0},"end":{"line":107,"column":30}},"107":{"start":{"line":108,"column":0},"end":{"line":108,"column":33}},"108":{"start":{"line":109,"column":0},"end":{"line":109,"column":34}},"109":{"start":{"line":110,"column":0},"end":{"line":110,"column":34}},"110":{"start":{"line":111,"column":0},"end":{"line":111,"column":33}},"111":{"start":{"line":112,"column":0},"end":{"line":112,"column":4}},"112":{"start":{"line":113,"column":0},"end":{"line":113,"column":15}},"113":{"start":{"line":114,"column":0},"end":{"line":114,"column":22}},"114":{"start":{"line":115,"column":0},"end":{"line":115,"column":25}},"115":{"start":{"line":116,"column":0},"end":{"line":116,"column":26}},"116":{"start":{"line":117,"column":0},"end":{"line":117,"column":25}},"117":{"start":{"line":118,"column":0},"end":{"line":118,"column":4}},"118":{"start":{"line":119,"column":0},"end":{"line":119,"column":11}},"119":{"start":{"line":120,"column":0},"end":{"line":120,"column":33}},"120":{"start":{"line":121,"column":0},"end":{"line":121,"column":4}},"121":{"start":{"line":122,"column":0},"end":{"line":122,"column":9}},"122":{"start":{"line":123,"column":0},"end":{"line":123,"column":13}},"123":{"start":{"line":124,"column":0},"end":{"line":124,"column":17}},"124":{"start":{"line":125,"column":0},"end":{"line":125,"column":18}},"125":{"start":{"line":126,"column":0},"end":{"line":126,"column":20}},"126":{"start":{"line":127,"column":0},"end":{"line":127,"column":16}},"127":{"start":{"line":128,"column":0},"end":{"line":128,"column":6}},"128":{"start":{"line":129,"column":0},"end":{"line":129,"column":4}},"129":{"start":{"line":130,"column":0},"end":{"line":130,"column":16}},"130":{"start":{"line":131,"column":0},"end":{"line":131,"column":25}},"131":{"start":{"line":132,"column":0},"end":{"line":132,"column":26}},"132":{"start":{"line":133,"column":0},"end":{"line":133,"column":20}},"133":{"start":{"line":134,"column":0},"end":{"line":134,"column":18}},"134":{"start":{"line":135,"column":0},"end":{"line":135,"column":22}},"135":{"start":{"line":136,"column":0},"end":{"line":136,"column":23}},"136":{"start":{"line":137,"column":0},"end":{"line":137,"column":22}},"137":{"start":{"line":138,"column":0},"end":{"line":138,"column":4}},"138":{"start":{"line":139,"column":0},"end":{"line":139,"column":11}},"139":{"start":{"line":140,"column":0},"end":{"line":140,"column":13}},"140":{"start":{"line":141,"column":0},"end":{"line":141,"column":17}},"141":{"start":{"line":142,"column":0},"end":{"line":142,"column":13}},"142":{"start":{"line":143,"column":0},"end":{"line":143,"column":16}},"143":{"start":{"line":144,"column":0},"end":{"line":144,"column":14}},"144":{"start":{"line":145,"column":0},"end":{"line":145,"column":16}},"145":{"start":{"line":146,"column":0},"end":{"line":146,"column":4}},"146":{"start":{"line":147,"column":0},"end":{"line":147,"column":16}},"147":{"start":{"line":148,"column":0},"end":{"line":148,"column":35}},"148":{"start":{"line":149,"column":0},"end":{"line":149,"column":33}},"149":{"start":{"line":150,"column":0},"end":{"line":150,"column":4}},"150":{"start":{"line":151,"column":0},"end":{"line":151,"column":2}},"151":{"start":{"line":152,"column":0},"end":{"line":152,"column":0}},"152":{"start":{"line":153,"column":0},"end":{"line":153,"column":21}}},"s":{"0":1,"1":1,"2":1,"3":1,"4":1,"5":1,"6":1,"7":1,"8":1,"9":1,"10":1,"11":1,"12":1,"13":1,"14":1,"15":1,"16":1,"17":1,"18":1,"19":1,"20":1,"21":1,"22":1,"23":1,"24":1,"25":1,"26":1,"27":1,"28":1,"29":1,"30":1,"31":1,"32":1,"33":1,"34":1,"35":1,"36":1,"37":1,"38":1,"39":1,"40":1,"41":1,"42":1,"43":1,"44":1,"45":1,"46":1,"47":1,"48":1,"49":1,"50":1,"51":1,"52":1,"53":1,"54":1,"55":1,"56":1,"57":1,"58":1,"59":1,"60":1,"61":1,"62":1,"63":1,"64":1,"65":1,"66":1,"67":1,"68":1,"69":1,"70":1,"71":1,"72":1,"73":1,"74":1,"75":1,"76":1,"77":1,"78":1,"79":1,"80":1,"81":1,"82":1,"83":1,"84":1,"85":1,"86":1,"87":1,"88":1,"89":1,"90":1,"91":1,"92":1,"93":1,"94":1,"95":1,"96":1,"97":1,"98":1,"99":1,"100":1,"101":1,"102":1,"103":1,"104":1,"105":1,"106":1,"107":1,"108":1,"109":1,"110":1,"111":1,"112":1,"113":1,"114":1,"115":1,"116":1,"117":1,"118":1,"119":1,"120":1,"121":1,"122":1,"123":1,"124":1,"125":1,"126":1,"127":1,"128":1,"129":1,"130":1,"131":1,"132":1,"133":1,"134":1,"135":1,"136":1,"137":1,"138":1,"139":1,"140":1,"141":1,"142":1,"143":1,"144":1,"145":1,"146":1,"147":1,"148":1,"149":1,"150":1,"151":1,"152":1},"branchMap":{},"b":{},"fnMap":{},"f":{}}
,"/home/rafaelborges/Documentos/Code/bootcampTrabalho/projectPleno/pokemon-web/src/assets/RickAndMortyLogo.png": {"path":"/home/rafaelborges/Documentos/Code/bootcampTrabalho/projectPleno/pokemon-web/src/assets/RickAndMortyLogo.png","all":false,"statementMap":{"0":{"start":{"line":1,"column":0},"end":{"line":1,"column":4}},"1":{"start":{"line":2,"column":0},"end":{"line":2,"column":1}},"2":{"start":{"line":3,"column":0},"end":{"line":3,"column":601}},"3":{"start":{"line":4,"column":0},"end":{"line":4,"column":144}},"4":{"start":{"line":5,"column":0},"end":{"line":5,"column":109}},"5":{"start":{"line":6,"column":0},"end":{"line":6,"column":128}},"6":{"start":{"line":7,"column":0},"end":{"line":7,"column":525}},"7":{"start":{"line":8,"column":0},"end":{"line":8,"column":209}},"8":{"start":{"line":9,"column":0},"end":{"line":9,"column":191}},"9":{"start":{"line":10,"column":0},"end":{"line":10,"column":667}},"10":{"start":{"line":11,"column":0},"end":{"line":11,"column":520}},"11":{"start":{"line":12,"column":0},"end":{"line":12,"column":551}},"12":{"start":{"line":13,"column":0},"end":{"line":13,"column":861}},"13":{"start":{"line":14,"column":0},"end":{"line":14,"column":562}},"14":{"start":{"line":15,"column":0},"end":{"line":15,"column":244}},"15":{"start":{"line":16,"column":0},"end":{"line":16,"column":419}},"16":{"start":{"line":17,"column":0},"end":{"line":17,"column":49}},"17":{"start":{"line":18,"column":0},"end":{"line":18,"column":16}},"18":{"start":{"line":19,"column":0},"end":{"line":19,"column":505}},"19":{"start":{"line":20,"column":0},"end":{"line":20,"column":200}},"20":{"start":{"line":21,"column":0},"end":{"line":21,"column":15}},"21":{"start":{"line":22,"column":0},"end":{"line":22,"column":101}},"22":{"start":{"line":23,"column":0},"end":{"line":23,"column":133}},"23":{"start":{"line":24,"column":0},"end":{"line":24,"column":195}},"24":{"start":{"line":25,"column":0},"end":{"line":25,"column":192}},"25":{"start":{"line":26,"column":0},"end":{"line":26,"column":27}},"26":{"start":{"line":27,"column":0},"end":{"line":27,"column":215}},"27":{"start":{"line":28,"column":0},"end":{"line":28,"column":477}},"28":{"start":{"line":29,"column":0},"end":{"line":29,"column":243}},"29":{"start":{"line":30,"column":0},"end":{"line":30,"column":656}},"30":{"start":{"line":31,"column":0},"end":{"line":31,"column":47}},"31":{"start":{"line":32,"column":0},"end":{"line":32,"column":41}},"32":{"start":{"line":33,"column":0},"end":{"line":33,"column":385}},"33":{"start":{"line":34,"column":0},"end":{"line":34,"column":188}},"34":{"start":{"line":35,"column":0},"end":{"line":35,"column":65}},"35":{"start":{"line":36,"column":0},"end":{"line":36,"column":87}},"36":{"start":{"line":37,"column":0},"end":{"line":37,"column":202}},"37":{"start":{"line":38,"column":0},"end":{"line":38,"column":117}},"38":{"start":{"line":39,"column":0},"end":{"line":39,"column":633}},"39":{"start":{"line":40,"column":0},"end":{"line":40,"column":163}},"40":{"start":{"line":41,"column":0},"end":{"line":41,"column":41}},"41":{"start":{"line":42,"column":0},"end":{"line":42,"column":329}},"42":{"start":{"line":43,"column":0},"end":{"line":43,"column":349}},"43":{"start":{"line":44,"column":0},"end":{"line":44,"column":231}},"44":{"start":{"line":45,"column":0},"end":{"line":45,"column":729}},"45":{"start":{"line":46,"column":0},"end":{"line":46,"column":229}},"46":{"start":{"line":47,"column":0},"end":{"line":47,"column":149}},"47":{"start":{"line":48,"column":0},"end":{"line":48,"column":56}},"48":{"start":{"line":49,"column":0},"end":{"line":49,"column":352}},"49":{"start":{"line":50,"column":0},"end":{"line":50,"column":218}},"50":{"start":{"line":51,"column":0},"end":{"line":51,"column":202}},"51":{"start":{"line":52,"column":0},"end":{"line":52,"column":397}},"52":{"start":{"line":53,"column":0},"end":{"line":53,"column":113}},"53":{"start":{"line":54,"column":0},"end":{"line":54,"column":116}},"54":{"start":{"line":55,"column":0},"end":{"line":55,"column":40}},"55":{"start":{"line":56,"column":0},"end":{"line":56,"column":205}},"56":{"start":{"line":57,"column":0},"end":{"line":57,"column":225}},"57":{"start":{"line":58,"column":0},"end":{"line":58,"column":53}},"58":{"start":{"line":59,"column":0},"end":{"line":59,"column":69}},"59":{"start":{"line":60,"column":0},"end":{"line":60,"column":137}},"60":{"start":{"line":61,"column":0},"end":{"line":61,"column":63}},"61":{"start":{"line":62,"column":0},"end":{"line":62,"column":78}},"62":{"start":{"line":63,"column":0},"end":{"line":63,"column":136}},"63":{"start":{"line":64,"column":0},"end":{"line":64,"column":106}},"64":{"start":{"line":65,"column":0},"end":{"line":65,"column":25}},"65":{"start":{"line":66,"column":0},"end":{"line":66,"column":143}},"66":{"start":{"line":67,"column":0},"end":{"line":67,"column":146}},"67":{"start":{"line":68,"column":0},"end":{"line":68,"column":257}}},"s":{"0":5,"1":5,"2":1,"3":1,"4":1,"5":1,"6":1,"7":1,"8":1,"9":1,"10":1,"11":1,"12":1,"13":1,"14":1,"15":1,"16":1,"17":1,"18":1,"19":1,"20":1,"21":1,"22":1,"23":1,"24":1,"25":1,"26":1,"27":1,"28":1,"29":1,"30":1,"31":1,"32":1,"33":1,"34":1,"35":1,"36":1,"37":1,"38":1,"39":1,"40":1,"41":1,"42":1,"43":1,"44":1,"45":1,"46":1,"47":1,"48":1,"49":1,"50":1,"51":1,"52":1,"53":1,"54":1,"55":1,"56":1,"57":1,"58":1,"59":1,"60":1,"61":1,"62":1,"63":1,"64":1,"65":1,"66":1,"67":1},"branchMap":{"0":{"type":"branch","line":1,"loc":{"start":{"line":1,"column":0},"end":{"line":3,"column":16}},"locations":[{"start":{"line":1,"column":0},"end":{"line":3,"column":16}}]},"1":{"type":"branch","line":1,"loc":{"start":{"line":1,"column":0},"end":{"line":3,"column":13}},"locations":[{"start":{"line":1,"column":0},"end":{"line":3,"column":13}}]}},"b":{"0":[5],"1":[5]},"fnMap":{"0":{"name":"Object.<anonymous>","decl":{"start":{"line":1,"column":0},"end":{"line":3,"column":13}},"loc":{"start":{"line":1,"column":0},"end":{"line":3,"column":13}},"line":1}},"f":{"0":5}}
,"/home/rafaelborges/Documentos/Code/bootcampTrabalho/projectPleno/pokemon-web/src/assets/RickAndMortyPlant.png": {"path":"/home/rafaelborges/Documentos/Code/bootcampTrabalho/projectPleno/pokemon-web/src/assets/RickAndMortyPlant.png","all":false,"statementMap":{"0":{"start":{"line":1,"column":0},"end":{"line":1,"column":4}},"1":{"start":{"line":2,"column":0},"end":{"line":2,"column":1}},"2":{"start":{"line":3,"column":0},"end":{"line":3,"column":117}},"3":{"start":{"line":4,"column":0},"end":{"line":4,"column":171}},"4":{"start":{"line":5,"column":0},"end":{"line":5,"column":359}},"5":{"start":{"line":6,"column":0},"end":{"line":6,"column":492}},"6":{"start":{"line":7,"column":0},"end":{"line":7,"column":802}},"7":{"start":{"line":8,"column":0},"end":{"line":8,"column":554}},"8":{"start":{"line":9,"column":0},"end":{"line":9,"column":322}},"9":{"start":{"line":10,"column":0},"end":{"line":10,"column":394}},"10":{"start":{"line":11,"column":0},"end":{"line":11,"column":175}},"11":{"start":{"line":12,"column":0},"end":{"line":12,"column":306}},"12":{"start":{"line":13,"column":0},"end":{"line":13,"column":47}},"13":{"start":{"line":14,"column":0},"end":{"line":14,"column":128}},"14":{"start":{"line":15,"column":0},"end":{"line":15,"column":33}},"15":{"start":{"line":16,"column":0},"end":{"line":16,"column":1}},"16":{"start":{"line":17,"column":0},"end":{"line":17,"column":507}},"17":{"start":{"line":18,"column":0},"end":{"line":18,"column":59}},"18":{"start":{"line":19,"column":0},"end":{"line":19,"column":105}},"19":{"start":{"line":20,"column":0},"end":{"line":20,"column":827}},"20":{"start":{"line":21,"column":0},"end":{"line":21,"column":257}},"21":{"start":{"line":22,"column":0},"end":{"line":22,"column":45}},"22":{"start":{"line":23,"column":0},"end":{"line":23,"column":363}},"23":{"start":{"line":24,"column":0},"end":{"line":24,"column":230}},"24":{"start":{"line":25,"column":0},"end":{"line":25,"column":1180}},"25":{"start":{"line":26,"column":0},"end":{"line":26,"column":222}},"26":{"start":{"line":27,"column":0},"end":{"line":27,"column":59}},"27":{"start":{"line":28,"column":0},"end":{"line":28,"column":127}},"28":{"start":{"line":29,"column":0},"end":{"line":29,"column":175}},"29":{"start":{"line":30,"column":0},"end":{"line":30,"column":393}},"30":{"start":{"line":31,"column":0},"end":{"line":31,"column":314}},"31":{"start":{"line":32,"column":0},"end":{"line":32,"column":46}},"32":{"start":{"line":33,"column":0},"end":{"line":33,"column":49}},"33":{"start":{"line":34,"column":0},"end":{"line":34,"column":31}},"34":{"start":{"line":35,"column":0},"end":{"line":35,"column":94}},"35":{"start":{"line":36,"column":0},"end":{"line":36,"column":37}},"36":{"start":{"line":37,"column":0},"end":{"line":37,"column":182}},"37":{"start":{"line":38,"column":0},"end":{"line":38,"column":192}},"38":{"start":{"line":39,"column":0},"end":{"line":39,"column":342}},"39":{"start":{"line":40,"column":0},"end":{"line":40,"column":116}},"40":{"start":{"line":41,"column":0},"end":{"line":41,"column":438}},"41":{"start":{"line":42,"column":0},"end":{"line":42,"column":23}},"42":{"start":{"line":43,"column":0},"end":{"line":43,"column":23}},"43":{"start":{"line":44,"column":0},"end":{"line":44,"column":4}},"44":{"start":{"line":45,"column":0},"end":{"line":45,"column":16}},"45":{"start":{"line":46,"column":0},"end":{"line":46,"column":2}},"46":{"start":{"line":47,"column":0},"end":{"line":47,"column":339}},"47":{"start":{"line":48,"column":0},"end":{"line":48,"column":51}},"48":{"start":{"line":49,"column":0},"end":{"line":49,"column":100}},"49":{"start":{"line":50,"column":0},"end":{"line":50,"column":80}},"50":{"start":{"line":51,"column":0},"end":{"line":51,"column":218}},"51":{"start":{"line":52,"column":0},"end":{"line":52,"column":398}},"52":{"start":{"line":53,"column":0},"end":{"line":53,"column":25}},"53":{"start":{"line":54,"column":0},"end":{"line":54,"column":161}},"54":{"start":{"line":55,"column":0},"end":{"line":55,"column":31}},"55":{"start":{"line":56,"column":0},"end":{"line":56,"column":13}},"56":{"start":{"line":57,"column":0},"end":{"line":57,"column":859}},"57":{"start":{"line":58,"column":0},"end":{"line":58,"column":286}},"58":{"start":{"line":59,"column":0},"end":{"line":59,"column":407}},"59":{"start":{"line":60,"column":0},"end":{"line":60,"column":89}},"60":{"start":{"line":61,"column":0},"end":{"line":61,"column":320}},"61":{"start":{"line":62,"column":0},"end":{"line":62,"column":64}},"62":{"start":{"line":63,"column":0},"end":{"line":63,"column":364}},"63":{"start":{"line":64,"column":0},"end":{"line":64,"column":186}},"64":{"start":{"line":65,"column":0},"end":{"line":65,"column":123}},"65":{"start":{"line":66,"column":0},"end":{"line":66,"column":204}},"66":{"start":{"line":67,"column":0},"end":{"line":67,"column":697}},"67":{"start":{"line":68,"column":0},"end":{"line":68,"column":537}},"68":{"start":{"line":69,"column":0},"end":{"line":69,"column":250}},"69":{"start":{"line":70,"column":0},"end":{"line":70,"column":5}},"70":{"start":{"line":71,"column":0},"end":{"line":71,"column":46}},"71":{"start":{"line":72,"column":0},"end":{"line":72,"column":112}},"72":{"start":{"line":73,"column":0},"end":{"line":73,"column":91}},"73":{"start":{"line":74,"column":0},"end":{"line":74,"column":278}},"74":{"start":{"line":75,"column":0},"end":{"line":75,"column":52}},"75":{"start":{"line":76,"column":0},"end":{"line":76,"column":313}},"76":{"start":{"line":77,"column":0},"end":{"line":77,"column":568}},"77":{"start":{"line":78,"column":0},"end":{"line":78,"column":158}},"78":{"start":{"line":79,"column":0},"end":{"line":79,"column":257}},"79":{"start":{"line":80,"column":0},"end":{"line":80,"column":32}},"80":{"start":{"line":81,"column":0},"end":{"line":81,"column":930}},"81":{"start":{"line":82,"column":0},"end":{"line":82,"column":93}},"82":{"start":{"line":83,"column":0},"end":{"line":83,"column":118}},"83":{"start":{"line":84,"column":0},"end":{"line":84,"column":1047}},"84":{"start":{"line":85,"column":0},"end":{"line":85,"column":82}},"85":{"start":{"line":86,"column":0},"end":{"line":86,"column":588}},"86":{"start":{"line":87,"column":0},"end":{"line":87,"column":237}},"87":{"start":{"line":88,"column":0},"end":{"line":88,"column":46}},"88":{"start":{"line":89,"column":0},"end":{"line":89,"column":62}},"89":{"start":{"line":90,"column":0},"end":{"line":90,"column":84}},"90":{"start":{"line":91,"column":0},"end":{"line":91,"column":277}},"91":{"start":{"line":92,"column":0},"end":{"line":92,"column":327}},"92":{"start":{"line":93,"column":0},"end":{"line":93,"column":165}},"93":{"start":{"line":94,"column":0},"end":{"line":94,"column":458}},"94":{"start":{"line":95,"column":0},"end":{"line":95,"column":27}},"95":{"start":{"line":96,"column":0},"end":{"line":96,"column":9}},"96":{"start":{"line":97,"column":0},"end":{"line":97,"column":9}},"97":{"start":{"line":98,"column":0},"end":{"line":98,"column":348}},"98":{"start":{"line":99,"column":0},"end":{"line":99,"column":52}},"99":{"start":{"line":100,"column":0},"end":{"line":100,"column":345}},"100":{"start":{"line":101,"column":0},"end":{"line":101,"column":604}},"101":{"start":{"line":102,"column":0},"end":{"line":102,"column":606}},"102":{"start":{"line":103,"column":0},"end":{"line":103,"column":163}},"103":{"start":{"line":104,"column":0},"end":{"line":104,"column":90}},"104":{"start":{"line":105,"column":0},"end":{"line":105,"column":89}},"105":{"start":{"line":106,"column":0},"end":{"line":106,"column":137}},"106":{"start":{"line":107,"column":0},"end":{"line":107,"column":222}},"107":{"start":{"line":108,"column":0},"end":{"line":108,"column":273}},"108":{"start":{"line":109,"column":0},"end":{"line":109,"column":168}},"109":{"start":{"line":110,"column":0},"end":{"line":110,"column":97}},"110":{"start":{"line":111,"column":0},"end":{"line":111,"column":442}},"111":{"start":{"line":112,"column":0},"end":{"line":112,"column":99}},"112":{"start":{"line":113,"column":0},"end":{"line":113,"column":50}},"113":{"start":{"line":114,"column":0},"end":{"line":114,"column":109}},"114":{"start":{"line":115,"column":0},"end":{"line":115,"column":873}},"115":{"start":{"line":116,"column":0},"end":{"line":116,"column":221}},"116":{"start":{"line":117,"column":0},"end":{"line":117,"column":19}},"117":{"start":{"line":118,"column":0},"end":{"line":118,"column":118}},"118":{"start":{"line":119,"column":0},"end":{"line":119,"column":9}},"119":{"start":{"line":120,"column":0},"end":{"line":120,"column":216}},"120":{"start":{"line":121,"column":0},"end":{"line":121,"column":221}},"121":{"start":{"line":122,"column":0},"end":{"line":122,"column":477}},"122":{"start":{"line":123,"column":0},"end":{"line":123,"column":335}},"123":{"start":{"line":124,"column":0},"end":{"line":124,"column":180}},"124":{"start":{"line":125,"column":0},"end":{"line":125,"column":19}},"125":{"start":{"line":126,"column":0},"end":{"line":126,"column":23}},"126":{"start":{"line":127,"column":0},"end":{"line":127,"column":21}},"127":{"start":{"line":128,"column":0},"end":{"line":128,"column":127}},"128":{"start":{"line":129,"column":0},"end":{"line":129,"column":190}},"129":{"start":{"line":130,"column":0},"end":{"line":130,"column":99}},"130":{"start":{"line":131,"column":0},"end":{"line":131,"column":38}},"131":{"start":{"line":132,"column":0},"end":{"line":132,"column":88}},"132":{"start":{"line":133,"column":0},"end":{"line":133,"column":25}},"133":{"start":{"line":134,"column":0},"end":{"line":134,"column":119}},"134":{"start":{"line":135,"column":0},"end":{"line":135,"column":449}},"135":{"start":{"line":136,"column":0},"end":{"line":136,"column":214}},"136":{"start":{"line":137,"column":0},"end":{"line":137,"column":286}},"137":{"start":{"line":138,"column":0},"end":{"line":138,"column":208}},"138":{"start":{"line":139,"column":0},"end":{"line":139,"column":913}},"139":{"start":{"line":140,"column":0},"end":{"line":140,"column":18}},"140":{"start":{"line":141,"column":0},"end":{"line":141,"column":48}},"141":{"start":{"line":142,"column":0},"end":{"line":142,"column":652}},"142":{"start":{"line":143,"column":0},"end":{"line":143,"column":127}},"143":{"start":{"line":144,"column":0},"end":{"line":144,"column":428}},"144":{"start":{"line":145,"column":0},"end":{"line":145,"column":306}},"145":{"start":{"line":146,"column":0},"end":{"line":146,"column":113}},"146":{"start":{"line":147,"column":0},"end":{"line":147,"column":226}},"147":{"start":{"line":148,"column":0},"end":{"line":148,"column":660}},"148":{"start":{"line":149,"column":0},"end":{"line":149,"column":82}},"149":{"start":{"line":150,"column":0},"end":{"line":150,"column":83}},"150":{"start":{"line":151,"column":0},"end":{"line":151,"column":91}},"151":{"start":{"line":152,"column":0},"end":{"line":152,"column":49}},"152":{"start":{"line":153,"column":0},"end":{"line":153,"column":59}},"153":{"start":{"line":154,"column":0},"end":{"line":154,"column":43}},"154":{"start":{"line":155,"column":0},"end":{"line":155,"column":556}},"155":{"start":{"line":156,"column":0},"end":{"line":156,"column":225}},"156":{"start":{"line":157,"column":0},"end":{"line":157,"column":58}},"157":{"start":{"line":158,"column":0},"end":{"line":158,"column":109}},"158":{"start":{"line":159,"column":0},"end":{"line":159,"column":476}},"159":{"start":{"line":160,"column":0},"end":{"line":160,"column":16}},"160":{"start":{"line":161,"column":0},"end":{"line":161,"column":357}},"161":{"start":{"line":162,"column":0},"end":{"line":162,"column":203}},"162":{"start":{"line":163,"column":0},"end":{"line":163,"column":140}},"163":{"start":{"line":164,"column":0},"end":{"line":164,"column":107}},"164":{"start":{"line":165,"column":0},"end":{"line":165,"column":82}},"165":{"start":{"line":166,"column":0},"end":{"line":166,"column":13}},"166":{"start":{"line":167,"column":0},"end":{"line":167,"column":136}},"167":{"start":{"line":168,"column":0},"end":{"line":168,"column":55}},"168":{"start":{"line":169,"column":0},"end":{"line":169,"column":504}},"169":{"start":{"line":170,"column":0},"end":{"line":170,"column":104}},"170":{"start":{"line":171,"column":0},"end":{"line":171,"column":113}},"171":{"start":{"line":172,"column":0},"end":{"line":172,"column":89}},"172":{"start":{"line":173,"column":0},"end":{"line":173,"column":236}},"173":{"start":{"line":174,"column":0},"end":{"line":174,"column":53}},"174":{"start":{"line":175,"column":0},"end":{"line":175,"column":167}},"175":{"start":{"line":176,"column":0},"end":{"line":176,"column":103}},"176":{"start":{"line":177,"column":0},"end":{"line":177,"column":393}},"177":{"start":{"line":178,"column":0},"end":{"line":178,"column":63}},"178":{"start":{"line":179,"column":0},"end":{"line":179,"column":365}},"179":{"start":{"line":180,"column":0},"end":{"line":180,"column":228}},"180":{"start":{"line":181,"column":0},"end":{"line":181,"column":9}},"181":{"start":{"line":182,"column":0},"end":{"line":182,"column":94}},"182":{"start":{"line":183,"column":0},"end":{"line":183,"column":61}},"183":{"start":{"line":184,"column":0},"end":{"line":184,"column":91}},"184":{"start":{"line":185,"column":0},"end":{"line":185,"column":245}},"185":{"start":{"line":186,"column":0},"end":{"line":186,"column":354}},"186":{"start":{"line":187,"column":0},"end":{"line":187,"column":164}},"187":{"start":{"line":188,"column":0},"end":{"line":188,"column":37}},"188":{"start":{"line":189,"column":0},"end":{"line":189,"column":280}},"189":{"start":{"line":190,"column":0},"end":{"line":190,"column":54}},"190":{"start":{"line":191,"column":0},"end":{"line":191,"column":78}},"191":{"start":{"line":192,"column":0},"end":{"line":192,"column":36}},"192":{"start":{"line":193,"column":0},"end":{"line":193,"column":86}},"193":{"start":{"line":194,"column":0},"end":{"line":194,"column":17}},"194":{"start":{"line":195,"column":0},"end":{"line":195,"column":160}},"195":{"start":{"line":196,"column":0},"end":{"line":196,"column":459}},"196":{"start":{"line":197,"column":0},"end":{"line":197,"column":88}},"197":{"start":{"line":198,"column":0},"end":{"line":198,"column":203}},"198":{"start":{"line":199,"column":0},"end":{"line":199,"column":343}},"199":{"start":{"line":200,"column":0},"end":{"line":200,"column":336}},"200":{"start":{"line":201,"column":0},"end":{"line":201,"column":230}},"201":{"start":{"line":202,"column":0},"end":{"line":202,"column":234}},"202":{"start":{"line":203,"column":0},"end":{"line":203,"column":252}},"203":{"start":{"line":204,"column":0},"end":{"line":204,"column":226}},"204":{"start":{"line":205,"column":0},"end":{"line":205,"column":69}},"205":{"start":{"line":206,"column":0},"end":{"line":206,"column":70}},"206":{"start":{"line":207,"column":0},"end":{"line":207,"column":51}},"207":{"start":{"line":208,"column":0},"end":{"line":208,"column":182}},"208":{"start":{"line":209,"column":0},"end":{"line":209,"column":175}},"209":{"start":{"line":210,"column":0},"end":{"line":210,"column":419}},"210":{"start":{"line":211,"column":0},"end":{"line":211,"column":42}},"211":{"start":{"line":212,"column":0},"end":{"line":212,"column":27}},"212":{"start":{"line":213,"column":0},"end":{"line":213,"column":46}},"213":{"start":{"line":214,"column":0},"end":{"line":214,"column":450}},"214":{"start":{"line":215,"column":0},"end":{"line":215,"column":147}},"215":{"start":{"line":216,"column":0},"end":{"line":216,"column":41}},"216":{"start":{"line":217,"column":0},"end":{"line":217,"column":55}},"217":{"start":{"line":218,"column":0},"end":{"line":218,"column":10}},"218":{"start":{"line":219,"column":0},"end":{"line":219,"column":7}},"219":{"start":{"line":220,"column":0},"end":{"line":220,"column":92}},"220":{"start":{"line":221,"column":0},"end":{"line":221,"column":42}},"221":{"start":{"line":222,"column":0},"end":{"line":222,"column":411}},"222":{"start":{"line":223,"column":0},"end":{"line":223,"column":191}},"223":{"start":{"line":224,"column":0},"end":{"line":224,"column":114}},"224":{"start":{"line":225,"column":0},"end":{"line":225,"column":136}},"225":{"start":{"line":226,"column":0},"end":{"line":226,"column":16}},"226":{"start":{"line":227,"column":0},"end":{"line":227,"column":216}},"227":{"start":{"line":228,"column":0},"end":{"line":228,"column":62}},"228":{"start":{"line":229,"column":0},"end":{"line":229,"column":406}},"229":{"start":{"line":230,"column":0},"end":{"line":230,"column":163}},"230":{"start":{"line":231,"column":0},"end":{"line":231,"column":114}},"231":{"start":{"line":232,"column":0},"end":{"line":232,"column":31}},"232":{"start":{"line":233,"column":0},"end":{"line":233,"column":27}},"233":{"start":{"line":234,"column":0},"end":{"line":234,"column":38}},"234":{"start":{"line":235,"column":0},"end":{"line":235,"column":247}},"235":{"start":{"line":236,"column":0},"end":{"line":236,"column":773}},"236":{"start":{"line":237,"column":0},"end":{"line":237,"column":78}},"237":{"start":{"line":238,"column":0},"end":{"line":238,"column":1519}},"238":{"start":{"line":239,"column":0},"end":{"line":239,"column":550}},"239":{"start":{"line":240,"column":0},"end":{"line":240,"column":503}},"240":{"start":{"line":241,"column":0},"end":{"line":241,"column":91}},"241":{"start":{"line":242,"column":0},"end":{"line":242,"column":1028}},"242":{"start":{"line":243,"column":0},"end":{"line":243,"column":165}},"243":{"start":{"line":244,"column":0},"end":{"line":244,"column":109}},"244":{"start":{"line":245,"column":0},"end":{"line":245,"column":304}},"245":{"start":{"line":246,"column":0},"end":{"line":246,"column":259}},"246":{"start":{"line":247,"column":0},"end":{"line":247,"column":2}},"247":{"start":{"line":248,"column":0},"end":{"line":248,"column":203}},"248":{"start":{"line":249,"column":0},"end":{"line":249,"column":259}},"249":{"start":{"line":250,"column":0},"end":{"line":250,"column":1333}},"250":{"start":{"line":251,"column":0},"end":{"line":251,"column":291}},"251":{"start":{"line":252,"column":0},"end":{"line":252,"column":145}},"252":{"start":{"line":253,"column":0},"end":{"line":253,"column":153}},"253":{"start":{"line":254,"column":0},"end":{"line":254,"column":48}},"254":{"start":{"line":255,"column":0},"end":{"line":255,"column":829}},"255":{"start":{"line":256,"column":0},"end":{"line":256,"column":10}},"256":{"start":{"line":257,"column":0},"end":{"line":257,"column":32}},"257":{"start":{"line":258,"column":0},"end":{"line":258,"column":59}},"258":{"start":{"line":259,"column":0},"end":{"line":259,"column":513}},"259":{"start":{"line":260,"column":0},"end":{"line":260,"column":25}},"260":{"start":{"line":261,"column":0},"end":{"line":261,"column":632}},"261":{"start":{"line":262,"column":0},"end":{"line":262,"column":121}},"262":{"start":{"line":263,"column":0},"end":{"line":263,"column":298}},"263":{"start":{"line":264,"column":0},"end":{"line":264,"column":159}},"264":{"start":{"line":265,"column":0},"end":{"line":265,"column":38}},"265":{"start":{"line":266,"column":0},"end":{"line":266,"column":272}},"266":{"start":{"line":267,"column":0},"end":{"line":267,"column":508}},"267":{"start":{"line":268,"column":0},"end":{"line":268,"column":219}},"268":{"start":{"line":269,"column":0},"end":{"line":269,"column":710}},"269":{"start":{"line":270,"column":0},"end":{"line":270,"column":920}},"270":{"start":{"line":271,"column":0},"end":{"line":271,"column":836}},"271":{"start":{"line":272,"column":0},"end":{"line":272,"column":245}},"272":{"start":{"line":273,"column":0},"end":{"line":273,"column":35}},"273":{"start":{"line":274,"column":0},"end":{"line":274,"column":351}},"274":{"start":{"line":275,"column":0},"end":{"line":275,"column":750}},"275":{"start":{"line":276,"column":0},"end":{"line":276,"column":579}},"276":{"start":{"line":277,"column":0},"end":{"line":277,"column":257}},"277":{"start":{"line":278,"column":0},"end":{"line":278,"column":140}},"278":{"start":{"line":279,"column":0},"end":{"line":279,"column":352}},"279":{"start":{"line":280,"column":0},"end":{"line":280,"column":75}},"280":{"start":{"line":281,"column":0},"end":{"line":281,"column":81}},"281":{"start":{"line":282,"column":0},"end":{"line":282,"column":795}},"282":{"start":{"line":283,"column":0},"end":{"line":283,"column":246}},"283":{"start":{"line":284,"column":0},"end":{"line":284,"column":573}},"284":{"start":{"line":285,"column":0},"end":{"line":285,"column":555}},"285":{"start":{"line":286,"column":0},"end":{"line":286,"column":77}},"286":{"start":{"line":287,"column":0},"end":{"line":287,"column":61}},"287":{"start":{"line":288,"column":0},"end":{"line":288,"column":110}},"288":{"start":{"line":289,"column":0},"end":{"line":289,"column":33}},"289":{"start":{"line":290,"column":0},"end":{"line":290,"column":129}},"290":{"start":{"line":291,"column":0},"end":{"line":291,"column":252}},"291":{"start":{"line":292,"column":0},"end":{"line":292,"column":160}},"292":{"start":{"line":293,"column":0},"end":{"line":293,"column":78}},"293":{"start":{"line":294,"column":0},"end":{"line":294,"column":560}},"294":{"start":{"line":295,"column":0},"end":{"line":295,"column":38}},"295":{"start":{"line":296,"column":0},"end":{"line":296,"column":136}},"296":{"start":{"line":297,"column":0},"end":{"line":297,"column":5}},"297":{"start":{"line":298,"column":0},"end":{"line":298,"column":261}},"298":{"start":{"line":299,"column":0},"end":{"line":299,"column":62}},"299":{"start":{"line":300,"column":0},"end":{"line":300,"column":147}},"300":{"start":{"line":301,"column":0},"end":{"line":301,"column":82}},"301":{"start":{"line":302,"column":0},"end":{"line":302,"column":281}},"302":{"start":{"line":303,"column":0},"end":{"line":303,"column":396}},"303":{"start":{"line":304,"column":0},"end":{"line":304,"column":830}},"304":{"start":{"line":305,"column":0},"end":{"line":305,"column":755}},"305":{"start":{"line":306,"column":0},"end":{"line":306,"column":230}},"306":{"start":{"line":307,"column":0},"end":{"line":307,"column":743}},"307":{"start":{"line":308,"column":0},"end":{"line":308,"column":146}},"308":{"start":{"line":309,"column":0},"end":{"line":309,"column":323}},"309":{"start":{"line":310,"column":0},"end":{"line":310,"column":472}},"310":{"start":{"line":311,"column":0},"end":{"line":311,"column":261}},"311":{"start":{"line":312,"column":0},"end":{"line":312,"column":245}},"312":{"start":{"line":313,"column":0},"end":{"line":313,"column":198}},"313":{"start":{"line":314,"column":0},"end":{"line":314,"column":284}},"314":{"start":{"line":315,"column":0},"end":{"line":315,"column":157}},"315":{"start":{"line":316,"column":0},"end":{"line":316,"column":135}},"316":{"start":{"line":317,"column":0},"end":{"line":317,"column":426}},"317":{"start":{"line":318,"column":0},"end":{"line":318,"column":552}},"318":{"start":{"line":319,"column":0},"end":{"line":319,"column":420}},"319":{"start":{"line":320,"column":0},"end":{"line":320,"column":450}},"320":{"start":{"line":321,"column":0},"end":{"line":321,"column":619}},"321":{"start":{"line":322,"column":0},"end":{"line":322,"column":939}},"322":{"start":{"line":323,"column":0},"end":{"line":323,"column":127}},"323":{"start":{"line":324,"column":0},"end":{"line":324,"column":169}},"324":{"start":{"line":325,"column":0},"end":{"line":325,"column":476}},"325":{"start":{"line":326,"column":0},"end":{"line":326,"column":1}},"326":{"start":{"line":327,"column":0},"end":{"line":327,"column":84}},"327":{"start":{"line":328,"column":0},"end":{"line":328,"column":130}},"328":{"start":{"line":329,"column":0},"end":{"line":329,"column":269}},"329":{"start":{"line":330,"column":0},"end":{"line":330,"column":265}},"330":{"start":{"line":331,"column":0},"end":{"line":331,"column":14}},"331":{"start":{"line":332,"column":0},"end":{"line":332,"column":77}},"332":{"start":{"line":333,"column":0},"end":{"line":333,"column":122}},"333":{"start":{"line":334,"column":0},"end":{"line":334,"column":101}},"334":{"start":{"line":335,"column":0},"end":{"line":335,"column":299}},"335":{"start":{"line":336,"column":0},"end":{"line":336,"column":396}},"336":{"start":{"line":337,"column":0},"end":{"line":337,"column":232}},"337":{"start":{"line":338,"column":0},"end":{"line":338,"column":46}},"338":{"start":{"line":339,"column":0},"end":{"line":339,"column":198}},"339":{"start":{"line":340,"column":0},"end":{"line":340,"column":178}},"340":{"start":{"line":341,"column":0},"end":{"line":341,"column":288}},"341":{"start":{"line":342,"column":0},"end":{"line":342,"column":22}},"342":{"start":{"line":343,"column":0},"end":{"line":343,"column":128}},"343":{"start":{"line":344,"column":0},"end":{"line":344,"column":96}},"344":{"start":{"line":345,"column":0},"end":{"line":345,"column":32}},"345":{"start":{"line":346,"column":0},"end":{"line":346,"column":40}},"346":{"start":{"line":347,"column":0},"end":{"line":347,"column":65}},"347":{"start":{"line":348,"column":0},"end":{"line":348,"column":335}},"348":{"start":{"line":349,"column":0},"end":{"line":349,"column":254}},"349":{"start":{"line":350,"column":0},"end":{"line":350,"column":205}},"350":{"start":{"line":351,"column":0},"end":{"line":351,"column":6}},"351":{"start":{"line":352,"column":0},"end":{"line":352,"column":66}},"352":{"start":{"line":353,"column":0},"end":{"line":353,"column":134}},"353":{"start":{"line":354,"column":0},"end":{"line":354,"column":24}},"354":{"start":{"line":355,"column":0},"end":{"line":355,"column":387}},"355":{"start":{"line":356,"column":0},"end":{"line":356,"column":300}},"356":{"start":{"line":357,"column":0},"end":{"line":357,"column":456}},"357":{"start":{"line":358,"column":0},"end":{"line":358,"column":168}},"358":{"start":{"line":359,"column":0},"end":{"line":359,"column":179}},"359":{"start":{"line":360,"column":0},"end":{"line":360,"column":196}},"360":{"start":{"line":361,"column":0},"end":{"line":361,"column":452}},"361":{"start":{"line":362,"column":0},"end":{"line":362,"column":188}},"362":{"start":{"line":363,"column":0},"end":{"line":363,"column":597}},"363":{"start":{"line":364,"column":0},"end":{"line":364,"column":562}},"364":{"start":{"line":365,"column":0},"end":{"line":365,"column":129}},"365":{"start":{"line":366,"column":0},"end":{"line":366,"column":69}},"366":{"start":{"line":367,"column":0},"end":{"line":367,"column":118}},"367":{"start":{"line":368,"column":0},"end":{"line":368,"column":210}},"368":{"start":{"line":369,"column":0},"end":{"line":369,"column":40}},"369":{"start":{"line":370,"column":0},"end":{"line":370,"column":361}},"370":{"start":{"line":371,"column":0},"end":{"line":371,"column":86}},"371":{"start":{"line":372,"column":0},"end":{"line":372,"column":299}},"372":{"start":{"line":373,"column":0},"end":{"line":373,"column":87}},"373":{"start":{"line":374,"column":0},"end":{"line":374,"column":195}},"374":{"start":{"line":375,"column":0},"end":{"line":375,"column":591}},"375":{"start":{"line":376,"column":0},"end":{"line":376,"column":449}},"376":{"start":{"line":377,"column":0},"end":{"line":377,"column":115}},"377":{"start":{"line":378,"column":0},"end":{"line":378,"column":213}},"378":{"start":{"line":379,"column":0},"end":{"line":379,"column":24}},"379":{"start":{"line":380,"column":0},"end":{"line":380,"column":140}},"380":{"start":{"line":381,"column":0},"end":{"line":381,"column":182}},"381":{"start":{"line":382,"column":0},"end":{"line":382,"column":256}},"382":{"start":{"line":383,"column":0},"end":{"line":383,"column":42}},"383":{"start":{"line":384,"column":0},"end":{"line":384,"column":116}},"384":{"start":{"line":385,"column":0},"end":{"line":385,"column":259}},"385":{"start":{"line":386,"column":0},"end":{"line":386,"column":445}},"386":{"start":{"line":387,"column":0},"end":{"line":387,"column":934}},"387":{"start":{"line":388,"column":0},"end":{"line":388,"column":29}},"388":{"start":{"line":389,"column":0},"end":{"line":389,"column":62}},"389":{"start":{"line":390,"column":0},"end":{"line":390,"column":470}},"390":{"start":{"line":391,"column":0},"end":{"line":391,"column":277}},"391":{"start":{"line":392,"column":0},"end":{"line":392,"column":99}},"392":{"start":{"line":393,"column":0},"end":{"line":393,"column":46}},"393":{"start":{"line":394,"column":0},"end":{"line":394,"column":151}},"394":{"start":{"line":395,"column":0},"end":{"line":395,"column":299}},"395":{"start":{"line":396,"column":0},"end":{"line":396,"column":23}},"396":{"start":{"line":397,"column":0},"end":{"line":397,"column":134}},"397":{"start":{"line":398,"column":0},"end":{"line":398,"column":543}},"398":{"start":{"line":399,"column":0},"end":{"line":399,"column":944}},"399":{"start":{"line":400,"column":0},"end":{"line":400,"column":203}},"400":{"start":{"line":401,"column":0},"end":{"line":401,"column":502}},"401":{"start":{"line":402,"column":0},"end":{"line":402,"column":191}},"402":{"start":{"line":403,"column":0},"end":{"line":403,"column":183}},"403":{"start":{"line":404,"column":0},"end":{"line":404,"column":105}},"404":{"start":{"line":405,"column":0},"end":{"line":405,"column":194}},"405":{"start":{"line":406,"column":0},"end":{"line":406,"column":225}},"406":{"start":{"line":407,"column":0},"end":{"line":407,"column":14}},"407":{"start":{"line":408,"column":0},"end":{"line":408,"column":120}},"408":{"start":{"line":409,"column":0},"end":{"line":409,"column":94}},"409":{"start":{"line":410,"column":0},"end":{"line":410,"column":63}},"410":{"start":{"line":411,"column":0},"end":{"line":411,"column":145}},"411":{"start":{"line":412,"column":0},"end":{"line":412,"column":515}},"412":{"start":{"line":413,"column":0},"end":{"line":413,"column":23}},"413":{"start":{"line":414,"column":0},"end":{"line":414,"column":14}},"414":{"start":{"line":415,"column":0},"end":{"line":415,"column":278}},"415":{"start":{"line":416,"column":0},"end":{"line":416,"column":89}},"416":{"start":{"line":417,"column":0},"end":{"line":417,"column":133}},"417":{"start":{"line":418,"column":0},"end":{"line":418,"column":146}},"418":{"start":{"line":419,"column":0},"end":{"line":419,"column":26}},"419":{"start":{"line":420,"column":0},"end":{"line":420,"column":89}},"420":{"start":{"line":421,"column":0},"end":{"line":421,"column":188}},"421":{"start":{"line":422,"column":0},"end":{"line":422,"column":263}},"422":{"start":{"line":423,"column":0},"end":{"line":423,"column":41}},"423":{"start":{"line":424,"column":0},"end":{"line":424,"column":54}},"424":{"start":{"line":425,"column":0},"end":{"line":425,"column":155}},"425":{"start":{"line":426,"column":0},"end":{"line":426,"column":323}},"426":{"start":{"line":427,"column":0},"end":{"line":427,"column":126}},"427":{"start":{"line":428,"column":0},"end":{"line":428,"column":72}},"428":{"start":{"line":429,"column":0},"end":{"line":429,"column":8}},"429":{"start":{"line":430,"column":0},"end":{"line":430,"column":204}},"430":{"start":{"line":431,"column":0},"end":{"line":431,"column":256}},"431":{"start":{"line":432,"column":0},"end":{"line":432,"column":29}},"432":{"start":{"line":433,"column":0},"end":{"line":433,"column":210}},"433":{"start":{"line":434,"column":0},"end":{"line":434,"column":85}},"434":{"start":{"line":435,"column":0},"end":{"line":435,"column":102}},"435":{"start":{"line":436,"column":0},"end":{"line":436,"column":27}},"436":{"start":{"line":437,"column":0},"end":{"line":437,"column":236}},"437":{"start":{"line":438,"column":0},"end":{"line":438,"column":13}},"438":{"start":{"line":439,"column":0},"end":{"line":439,"column":632}},"439":{"start":{"line":440,"column":0},"end":{"line":440,"column":114}},"440":{"start":{"line":441,"column":0},"end":{"line":441,"column":186}},"441":{"start":{"line":442,"column":0},"end":{"line":442,"column":164}},"442":{"start":{"line":443,"column":0},"end":{"line":443,"column":294}},"443":{"start":{"line":444,"column":0},"end":{"line":444,"column":146}},"444":{"start":{"line":445,"column":0},"end":{"line":445,"column":175}},"445":{"start":{"line":446,"column":0},"end":{"line":446,"column":446}},"446":{"start":{"line":447,"column":0},"end":{"line":447,"column":555}},"447":{"start":{"line":448,"column":0},"end":{"line":448,"column":445}},"448":{"start":{"line":449,"column":0},"end":{"line":449,"column":646}},"449":{"start":{"line":450,"column":0},"end":{"line":450,"column":100}},"450":{"start":{"line":451,"column":0},"end":{"line":451,"column":17}},"451":{"start":{"line":452,"column":0},"end":{"line":452,"column":360}},"452":{"start":{"line":453,"column":0},"end":{"line":453,"column":120}},"453":{"start":{"line":454,"column":0},"end":{"line":454,"column":168}},"454":{"start":{"line":455,"column":0},"end":{"line":455,"column":181}},"455":{"start":{"line":456,"column":0},"end":{"line":456,"column":600}},"456":{"start":{"line":457,"column":0},"end":{"line":457,"column":324}},"457":{"start":{"line":458,"column":0},"end":{"line":458,"column":199}},"458":{"start":{"line":459,"column":0},"end":{"line":459,"column":73}},"459":{"start":{"line":460,"column":0},"end":{"line":460,"column":112}},"460":{"start":{"line":461,"column":0},"end":{"line":461,"column":226}},"461":{"start":{"line":462,"column":0},"end":{"line":462,"column":74}},"462":{"start":{"line":463,"column":0},"end":{"line":463,"column":160}},"463":{"start":{"line":464,"column":0},"end":{"line":464,"column":14}},"464":{"start":{"line":465,"column":0},"end":{"line":465,"column":199}},"465":{"start":{"line":466,"column":0},"end":{"line":466,"column":267}},"466":{"start":{"line":467,"column":0},"end":{"line":467,"column":47}},"467":{"start":{"line":468,"column":0},"end":{"line":468,"column":544}},"468":{"start":{"line":469,"column":0},"end":{"line":469,"column":188}},"469":{"start":{"line":470,"column":0},"end":{"line":470,"column":107}},"470":{"start":{"line":471,"column":0},"end":{"line":471,"column":333}},"471":{"start":{"line":472,"column":0},"end":{"line":472,"column":3}},"472":{"start":{"line":473,"column":0},"end":{"line":473,"column":33}},"473":{"start":{"line":474,"column":0},"end":{"line":474,"column":4}},"474":{"start":{"line":475,"column":0},"end":{"line":475,"column":305}},"475":{"start":{"line":476,"column":0},"end":{"line":476,"column":2}},"476":{"start":{"line":477,"column":0},"end":{"line":477,"column":514}},"477":{"start":{"line":478,"column":0},"end":{"line":478,"column":471}},"478":{"start":{"line":479,"column":0},"end":{"line":479,"column":42}},"479":{"start":{"line":480,"column":0},"end":{"line":480,"column":83}},"480":{"start":{"line":481,"column":0},"end":{"line":481,"column":311}},"481":{"start":{"line":482,"column":0},"end":{"line":482,"column":377}},"482":{"start":{"line":483,"column":0},"end":{"line":483,"column":182}},"483":{"start":{"line":484,"column":0},"end":{"line":484,"column":143}},"484":{"start":{"line":485,"column":0},"end":{"line":485,"column":136}},"485":{"start":{"line":486,"column":0},"end":{"line":486,"column":190}},"486":{"start":{"line":487,"column":0},"end":{"line":487,"column":252}},"487":{"start":{"line":488,"column":0},"end":{"line":488,"column":239}},"488":{"start":{"line":489,"column":0},"end":{"line":489,"column":585}},"489":{"start":{"line":490,"column":0},"end":{"line":490,"column":56}},"490":{"start":{"line":491,"column":0},"end":{"line":491,"column":573}},"491":{"start":{"line":492,"column":0},"end":{"line":492,"column":51}},"492":{"start":{"line":493,"column":0},"end":{"line":493,"column":241}},"493":{"start":{"line":494,"column":0},"end":{"line":494,"column":17}},"494":{"start":{"line":495,"column":0},"end":{"line":495,"column":393}},"495":{"start":{"line":496,"column":0},"end":{"line":496,"column":164}},"496":{"start":{"line":497,"column":0},"end":{"line":497,"column":74}},"497":{"start":{"line":498,"column":0},"end":{"line":498,"column":693}},"498":{"start":{"line":499,"column":0},"end":{"line":499,"column":70}},"499":{"start":{"line":500,"column":0},"end":{"line":500,"column":105}},"500":{"start":{"line":501,"column":0},"end":{"line":501,"column":595}},"501":{"start":{"line":502,"column":0},"end":{"line":502,"column":70}},"502":{"start":{"line":503,"column":0},"end":{"line":503,"column":8}},"503":{"start":{"line":504,"column":0},"end":{"line":504,"column":202}},"504":{"start":{"line":505,"column":0},"end":{"line":505,"column":693}},"505":{"start":{"line":506,"column":0},"end":{"line":506,"column":273}},"506":{"start":{"line":507,"column":0},"end":{"line":507,"column":34}},"507":{"start":{"line":508,"column":0},"end":{"line":508,"column":4}},"508":{"start":{"line":509,"column":0},"end":{"line":509,"column":127}},"509":{"start":{"line":510,"column":0},"end":{"line":510,"column":277}},"510":{"start":{"line":511,"column":0},"end":{"line":511,"column":5}},"511":{"start":{"line":512,"column":0},"end":{"line":512,"column":195}},"512":{"start":{"line":513,"column":0},"end":{"line":513,"column":279}},"513":{"start":{"line":514,"column":0},"end":{"line":514,"column":344}},"514":{"start":{"line":515,"column":0},"end":{"line":515,"column":229}},"515":{"start":{"line":516,"column":0},"end":{"line":516,"column":73}},"516":{"start":{"line":517,"column":0},"end":{"line":517,"column":294}},"517":{"start":{"line":518,"column":0},"end":{"line":518,"column":471}},"518":{"start":{"line":519,"column":0},"end":{"line":519,"column":74}},"519":{"start":{"line":520,"column":0},"end":{"line":520,"column":1265}},"520":{"start":{"line":521,"column":0},"end":{"line":521,"column":399}},"521":{"start":{"line":522,"column":0},"end":{"line":522,"column":2}},"522":{"start":{"line":523,"column":0},"end":{"line":523,"column":47}},"523":{"start":{"line":524,"column":0},"end":{"line":524,"column":149}},"524":{"start":{"line":525,"column":0},"end":{"line":525,"column":199}},"525":{"start":{"line":526,"column":0},"end":{"line":526,"column":349}},"526":{"start":{"line":527,"column":0},"end":{"line":527,"column":414}},"527":{"start":{"line":528,"column":0},"end":{"line":528,"column":184}},"528":{"start":{"line":529,"column":0},"end":{"line":529,"column":75}},"529":{"start":{"line":530,"column":0},"end":{"line":530,"column":165}},"530":{"start":{"line":531,"column":0},"end":{"line":531,"column":330}},"531":{"start":{"line":532,"column":0},"end":{"line":532,"column":257}},"532":{"start":{"line":533,"column":0},"end":{"line":533,"column":87}},"533":{"start":{"line":534,"column":0},"end":{"line":534,"column":81}},"534":{"start":{"line":535,"column":0},"end":{"line":535,"column":9}},"535":{"start":{"line":536,"column":0},"end":{"line":536,"column":95}},"536":{"start":{"line":537,"column":0},"end":{"line":537,"column":202}},"537":{"start":{"line":538,"column":0},"end":{"line":538,"column":198}},"538":{"start":{"line":539,"column":0},"end":{"line":539,"column":164}},"539":{"start":{"line":540,"column":0},"end":{"line":540,"column":120}},"540":{"start":{"line":541,"column":0},"end":{"line":541,"column":83}},"541":{"start":{"line":542,"column":0},"end":{"line":542,"column":164}},"542":{"start":{"line":543,"column":0},"end":{"line":543,"column":375}},"543":{"start":{"line":544,"column":0},"end":{"line":544,"column":68}},"544":{"start":{"line":545,"column":0},"end":{"line":545,"column":97}},"545":{"start":{"line":546,"column":0},"end":{"line":546,"column":331}},"546":{"start":{"line":547,"column":0},"end":{"line":547,"column":755}},"547":{"start":{"line":548,"column":0},"end":{"line":548,"column":17}},"548":{"start":{"line":549,"column":0},"end":{"line":549,"column":46}},"549":{"start":{"line":550,"column":0},"end":{"line":550,"column":62}},"550":{"start":{"line":551,"column":0},"end":{"line":551,"column":86}},"551":{"start":{"line":552,"column":0},"end":{"line":552,"column":564}},"552":{"start":{"line":553,"column":0},"end":{"line":553,"column":92}},"553":{"start":{"line":554,"column":0},"end":{"line":554,"column":339}},"554":{"start":{"line":555,"column":0},"end":{"line":555,"column":297}},"555":{"start":{"line":556,"column":0},"end":{"line":556,"column":15}},"556":{"start":{"line":557,"column":0},"end":{"line":557,"column":49}},"557":{"start":{"line":558,"column":0},"end":{"line":558,"column":267}},"558":{"start":{"line":559,"column":0},"end":{"line":559,"column":114}},"559":{"start":{"line":560,"column":0},"end":{"line":560,"column":343}},"560":{"start":{"line":561,"column":0},"end":{"line":561,"column":106}},"561":{"start":{"line":562,"column":0},"end":{"line":562,"column":36}},"562":{"start":{"line":563,"column":0},"end":{"line":563,"column":101}},"563":{"start":{"line":564,"column":0},"end":{"line":564,"column":122}},"564":{"start":{"line":565,"column":0},"end":{"line":565,"column":58}},"565":{"start":{"line":566,"column":0},"end":{"line":566,"column":532}},"566":{"start":{"line":567,"column":0},"end":{"line":567,"column":107}},"567":{"start":{"line":568,"column":0},"end":{"line":568,"column":263}},"568":{"start":{"line":569,"column":0},"end":{"line":569,"column":27}},"569":{"start":{"line":570,"column":0},"end":{"line":570,"column":115}},"570":{"start":{"line":571,"column":0},"end":{"line":571,"column":380}},"571":{"start":{"line":572,"column":0},"end":{"line":572,"column":313}},"572":{"start":{"line":573,"column":0},"end":{"line":573,"column":75}},"573":{"start":{"line":574,"column":0},"end":{"line":574,"column":55}},"574":{"start":{"line":575,"column":0},"end":{"line":575,"column":87}},"575":{"start":{"line":576,"column":0},"end":{"line":576,"column":198}},"576":{"start":{"line":577,"column":0},"end":{"line":577,"column":123}},"577":{"start":{"line":578,"column":0},"end":{"line":578,"column":113}},"578":{"start":{"line":579,"column":0},"end":{"line":579,"column":70}},"579":{"start":{"line":580,"column":0},"end":{"line":580,"column":146}},"580":{"start":{"line":581,"column":0},"end":{"line":581,"column":10}},"581":{"start":{"line":582,"column":0},"end":{"line":582,"column":41}},"582":{"start":{"line":583,"column":0},"end":{"line":583,"column":298}},"583":{"start":{"line":584,"column":0},"end":{"line":584,"column":7}},"584":{"start":{"line":585,"column":0},"end":{"line":585,"column":532}},"585":{"start":{"line":586,"column":0},"end":{"line":586,"column":35}},"586":{"start":{"line":587,"column":0},"end":{"line":587,"column":130}},"587":{"start":{"line":588,"column":0},"end":{"line":588,"column":696}},"588":{"start":{"line":589,"column":0},"end":{"line":589,"column":1271}},"589":{"start":{"line":590,"column":0},"end":{"line":590,"column":178}},"590":{"start":{"line":591,"column":0},"end":{"line":591,"column":452}},"591":{"start":{"line":592,"column":0},"end":{"line":592,"column":999}},"592":{"start":{"line":593,"column":0},"end":{"line":593,"column":41}},"593":{"start":{"line":594,"column":0},"end":{"line":594,"column":58}},"594":{"start":{"line":595,"column":0},"end":{"line":595,"column":287}},"595":{"start":{"line":596,"column":0},"end":{"line":596,"column":188}},"596":{"start":{"line":597,"column":0},"end":{"line":597,"column":327}},"597":{"start":{"line":598,"column":0},"end":{"line":598,"column":109}},"598":{"start":{"line":599,"column":0},"end":{"line":599,"column":8}},"599":{"start":{"line":600,"column":0},"end":{"line":600,"column":44}},"600":{"start":{"line":601,"column":0},"end":{"line":601,"column":392}},"601":{"start":{"line":602,"column":0},"end":{"line":602,"column":244}},"602":{"start":{"line":603,"column":0},"end":{"line":603,"column":243}},"603":{"start":{"line":604,"column":0},"end":{"line":604,"column":175}},"604":{"start":{"line":605,"column":0},"end":{"line":605,"column":211}},"605":{"start":{"line":606,"column":0},"end":{"line":606,"column":1570}},"606":{"start":{"line":607,"column":0},"end":{"line":607,"column":7}},"607":{"start":{"line":608,"column":0},"end":{"line":608,"column":417}},"608":{"start":{"line":609,"column":0},"end":{"line":609,"column":80}},"609":{"start":{"line":610,"column":0},"end":{"line":610,"column":35}},"610":{"start":{"line":611,"column":0},"end":{"line":611,"column":400}},"611":{"start":{"line":612,"column":0},"end":{"line":612,"column":260}},"612":{"start":{"line":613,"column":0},"end":{"line":613,"column":232}},"613":{"start":{"line":614,"column":0},"end":{"line":614,"column":135}},"614":{"start":{"line":615,"column":0},"end":{"line":615,"column":430}},"615":{"start":{"line":616,"column":0},"end":{"line":616,"column":217}},"616":{"start":{"line":617,"column":0},"end":{"line":617,"column":64}},"617":{"start":{"line":618,"column":0},"end":{"line":618,"column":131}},"618":{"start":{"line":619,"column":0},"end":{"line":619,"column":409}},"619":{"start":{"line":620,"column":0},"end":{"line":620,"column":205}},"620":{"start":{"line":621,"column":0},"end":{"line":621,"column":722}},"621":{"start":{"line":622,"column":0},"end":{"line":622,"column":75}},"622":{"start":{"line":623,"column":0},"end":{"line":623,"column":32}},"623":{"start":{"line":624,"column":0},"end":{"line":624,"column":242}},"624":{"start":{"line":625,"column":0},"end":{"line":625,"column":1281}},"625":{"start":{"line":626,"column":0},"end":{"line":626,"column":3}},"626":{"start":{"line":627,"column":0},"end":{"line":627,"column":209}},"627":{"start":{"line":628,"column":0},"end":{"line":628,"column":281}},"628":{"start":{"line":629,"column":0},"end":{"line":629,"column":1002}},"629":{"start":{"line":630,"column":0},"end":{"line":630,"column":3}},"630":{"start":{"line":631,"column":0},"end":{"line":631,"column":378}},"631":{"start":{"line":632,"column":0},"end":{"line":632,"column":278}},"632":{"start":{"line":633,"column":0},"end":{"line":633,"column":439}},"633":{"start":{"line":634,"column":0},"end":{"line":634,"column":444}},"634":{"start":{"line":635,"column":0},"end":{"line":635,"column":55}},"635":{"start":{"line":636,"column":0},"end":{"line":636,"column":188}},"636":{"start":{"line":637,"column":0},"end":{"line":637,"column":34}},"637":{"start":{"line":638,"column":0},"end":{"line":638,"column":263}},"638":{"start":{"line":639,"column":0},"end":{"line":639,"column":27}},"639":{"start":{"line":640,"column":0},"end":{"line":640,"column":93}},"640":{"start":{"line":641,"column":0},"end":{"line":641,"column":163}},"641":{"start":{"line":642,"column":0},"end":{"line":642,"column":236}},"642":{"start":{"line":643,"column":0},"end":{"line":643,"column":97}},"643":{"start":{"line":644,"column":0},"end":{"line":644,"column":113}},"644":{"start":{"line":645,"column":0},"end":{"line":645,"column":340}},"645":{"start":{"line":646,"column":0},"end":{"line":646,"column":14}},"646":{"start":{"line":647,"column":0},"end":{"line":647,"column":98}},"647":{"start":{"line":648,"column":0},"end":{"line":648,"column":76}},"648":{"start":{"line":649,"column":0},"end":{"line":649,"column":476}},"649":{"start":{"line":650,"column":0},"end":{"line":650,"column":594}},"650":{"start":{"line":651,"column":0},"end":{"line":651,"column":36}},"651":{"start":{"line":652,"column":0},"end":{"line":652,"column":277}},"652":{"start":{"line":653,"column":0},"end":{"line":653,"column":156}},"653":{"start":{"line":654,"column":0},"end":{"line":654,"column":17}},"654":{"start":{"line":655,"column":0},"end":{"line":655,"column":168}},"655":{"start":{"line":656,"column":0},"end":{"line":656,"column":289}},"656":{"start":{"line":657,"column":0},"end":{"line":657,"column":57}},"657":{"start":{"line":658,"column":0},"end":{"line":658,"column":343}},"658":{"start":{"line":659,"column":0},"end":{"line":659,"column":372}},"659":{"start":{"line":660,"column":0},"end":{"line":660,"column":190}},"660":{"start":{"line":661,"column":0},"end":{"line":661,"column":43}},"661":{"start":{"line":662,"column":0},"end":{"line":662,"column":261}},"662":{"start":{"line":663,"column":0},"end":{"line":663,"column":396}},"663":{"start":{"line":664,"column":0},"end":{"line":664,"column":230}},"664":{"start":{"line":665,"column":0},"end":{"line":665,"column":168}},"665":{"start":{"line":666,"column":0},"end":{"line":666,"column":135}},"666":{"start":{"line":667,"column":0},"end":{"line":667,"column":2}},"667":{"start":{"line":668,"column":0},"end":{"line":668,"column":96}},"668":{"start":{"line":669,"column":0},"end":{"line":669,"column":60}},"669":{"start":{"line":670,"column":0},"end":{"line":670,"column":1031}},"670":{"start":{"line":671,"column":0},"end":{"line":671,"column":345}},"671":{"start":{"line":672,"column":0},"end":{"line":672,"column":441}},"672":{"start":{"line":673,"column":0},"end":{"line":673,"column":1077}},"673":{"start":{"line":674,"column":0},"end":{"line":674,"column":1081}},"674":{"start":{"line":675,"column":0},"end":{"line":675,"column":234}},"675":{"start":{"line":676,"column":0},"end":{"line":676,"column":174}},"676":{"start":{"line":677,"column":0},"end":{"line":677,"column":112}},"677":{"start":{"line":678,"column":0},"end":{"line":678,"column":123}},"678":{"start":{"line":679,"column":0},"end":{"line":679,"column":197}},"679":{"start":{"line":680,"column":0},"end":{"line":680,"column":609}},"680":{"start":{"line":681,"column":0},"end":{"line":681,"column":131}},"681":{"start":{"line":682,"column":0},"end":{"line":682,"column":270}},"682":{"start":{"line":683,"column":0},"end":{"line":683,"column":149}},"683":{"start":{"line":684,"column":0},"end":{"line":684,"column":365}},"684":{"start":{"line":685,"column":0},"end":{"line":685,"column":620}},"685":{"start":{"line":686,"column":0},"end":{"line":686,"column":631}},"686":{"start":{"line":687,"column":0},"end":{"line":687,"column":37}},"687":{"start":{"line":688,"column":0},"end":{"line":688,"column":276}},"688":{"start":{"line":689,"column":0},"end":{"line":689,"column":51}},"689":{"start":{"line":690,"column":0},"end":{"line":690,"column":59}},"690":{"start":{"line":691,"column":0},"end":{"line":691,"column":139}},"691":{"start":{"line":692,"column":0},"end":{"line":692,"column":148}},"692":{"start":{"line":693,"column":0},"end":{"line":693,"column":93}},"693":{"start":{"line":694,"column":0},"end":{"line":694,"column":369}},"694":{"start":{"line":695,"column":0},"end":{"line":695,"column":59}},"695":{"start":{"line":696,"column":0},"end":{"line":696,"column":153}},"696":{"start":{"line":697,"column":0},"end":{"line":697,"column":315}},"697":{"start":{"line":698,"column":0},"end":{"line":698,"column":67}},"698":{"start":{"line":699,"column":0},"end":{"line":699,"column":546}},"699":{"start":{"line":700,"column":0},"end":{"line":700,"column":284}},"700":{"start":{"line":701,"column":0},"end":{"line":701,"column":105}},"701":{"start":{"line":702,"column":0},"end":{"line":702,"column":313}},"702":{"start":{"line":703,"column":0},"end":{"line":703,"column":74}},"703":{"start":{"line":704,"column":0},"end":{"line":704,"column":173}},"704":{"start":{"line":705,"column":0},"end":{"line":705,"column":137}},"705":{"start":{"line":706,"column":0},"end":{"line":706,"column":446}},"706":{"start":{"line":707,"column":0},"end":{"line":707,"column":633}},"707":{"start":{"line":708,"column":0},"end":{"line":708,"column":0}},"708":{"start":{"line":709,"column":0},"end":{"line":709,"column":56}},"709":{"start":{"line":710,"column":0},"end":{"line":710,"column":295}},"710":{"start":{"line":711,"column":0},"end":{"line":711,"column":615}},"711":{"start":{"line":712,"column":0},"end":{"line":712,"column":586}},"712":{"start":{"line":713,"column":0},"end":{"line":713,"column":111}},"713":{"start":{"line":714,"column":0},"end":{"line":714,"column":49}},"714":{"start":{"line":715,"column":0},"end":{"line":715,"column":468}},"715":{"start":{"line":716,"column":0},"end":{"line":716,"column":42}},"716":{"start":{"line":717,"column":0},"end":{"line":717,"column":1010}},"717":{"start":{"line":718,"column":0},"end":{"line":718,"column":76}},"718":{"start":{"line":719,"column":0},"end":{"line":719,"column":28}},"719":{"start":{"line":720,"column":0},"end":{"line":720,"column":172}},"720":{"start":{"line":721,"column":0},"end":{"line":721,"column":425}},"721":{"start":{"line":722,"column":0},"end":{"line":722,"column":203}},"722":{"start":{"line":723,"column":0},"end":{"line":723,"column":65}},"723":{"start":{"line":724,"column":0},"end":{"line":724,"column":240}},"724":{"start":{"line":725,"column":0},"end":{"line":725,"column":38}},"725":{"start":{"line":726,"column":0},"end":{"line":726,"column":455}},"726":{"start":{"line":727,"column":0},"end":{"line":727,"column":843}},"727":{"start":{"line":728,"column":0},"end":{"line":728,"column":35}},"728":{"start":{"line":729,"column":0},"end":{"line":729,"column":321}},"729":{"start":{"line":730,"column":0},"end":{"line":730,"column":145}},"730":{"start":{"line":731,"column":0},"end":{"line":731,"column":130}},"731":{"start":{"line":732,"column":0},"end":{"line":732,"column":50}},"732":{"start":{"line":733,"column":0},"end":{"line":733,"column":116}},"733":{"start":{"line":734,"column":0},"end":{"line":734,"column":24}},"734":{"start":{"line":735,"column":0},"end":{"line":735,"column":18}},"735":{"start":{"line":736,"column":0},"end":{"line":736,"column":348}},"736":{"start":{"line":737,"column":0},"end":{"line":737,"column":37}},"737":{"start":{"line":738,"column":0},"end":{"line":738,"column":53}},"738":{"start":{"line":739,"column":0},"end":{"line":739,"column":283}},"739":{"start":{"line":740,"column":0},"end":{"line":740,"column":202}},"740":{"start":{"line":741,"column":0},"end":{"line":741,"column":148}},"741":{"start":{"line":742,"column":0},"end":{"line":742,"column":282}},"742":{"start":{"line":743,"column":0},"end":{"line":743,"column":93}},"743":{"start":{"line":744,"column":0},"end":{"line":744,"column":702}},"744":{"start":{"line":745,"column":0},"end":{"line":745,"column":746}},"745":{"start":{"line":746,"column":0},"end":{"line":746,"column":167}},"746":{"start":{"line":747,"column":0},"end":{"line":747,"column":819}},"747":{"start":{"line":748,"column":0},"end":{"line":748,"column":445}},"748":{"start":{"line":749,"column":0},"end":{"line":749,"column":427}},"749":{"start":{"line":750,"column":0},"end":{"line":750,"column":24}},"750":{"start":{"line":751,"column":0},"end":{"line":751,"column":270}},"751":{"start":{"line":752,"column":0},"end":{"line":752,"column":458}},"752":{"start":{"line":753,"column":0},"end":{"line":753,"column":128}},"753":{"start":{"line":754,"column":0},"end":{"line":754,"column":313}},"754":{"start":{"line":755,"column":0},"end":{"line":755,"column":90}},"755":{"start":{"line":756,"column":0},"end":{"line":756,"column":210}},"756":{"start":{"line":757,"column":0},"end":{"line":757,"column":146}},"757":{"start":{"line":758,"column":0},"end":{"line":758,"column":297}},"758":{"start":{"line":759,"column":0},"end":{"line":759,"column":248}},"759":{"start":{"line":760,"column":0},"end":{"line":760,"column":175}},"760":{"start":{"line":761,"column":0},"end":{"line":761,"column":36}},"761":{"start":{"line":762,"column":0},"end":{"line":762,"column":24}},"762":{"start":{"line":763,"column":0},"end":{"line":763,"column":75}},"763":{"start":{"line":764,"column":0},"end":{"line":764,"column":481}},"764":{"start":{"line":765,"column":0},"end":{"line":765,"column":98}},"765":{"start":{"line":766,"column":0},"end":{"line":766,"column":68}},"766":{"start":{"line":767,"column":0},"end":{"line":767,"column":16}},"767":{"start":{"line":768,"column":0},"end":{"line":768,"column":61}},"768":{"start":{"line":769,"column":0},"end":{"line":769,"column":375}},"769":{"start":{"line":770,"column":0},"end":{"line":770,"column":41}},"770":{"start":{"line":771,"column":0},"end":{"line":771,"column":30}},"771":{"start":{"line":772,"column":0},"end":{"line":772,"column":459}},"772":{"start":{"line":773,"column":0},"end":{"line":773,"column":21}},"773":{"start":{"line":774,"column":0},"end":{"line":774,"column":178}},"774":{"start":{"line":775,"column":0},"end":{"line":775,"column":120}},"775":{"start":{"line":776,"column":0},"end":{"line":776,"column":258}},"776":{"start":{"line":777,"column":0},"end":{"line":777,"column":31}},"777":{"start":{"line":778,"column":0},"end":{"line":778,"column":71}},"778":{"start":{"line":779,"column":0},"end":{"line":779,"column":441}},"779":{"start":{"line":780,"column":0},"end":{"line":780,"column":96}},"780":{"start":{"line":781,"column":0},"end":{"line":781,"column":157}},"781":{"start":{"line":782,"column":0},"end":{"line":782,"column":151}},"782":{"start":{"line":783,"column":0},"end":{"line":783,"column":189}},"783":{"start":{"line":784,"column":0},"end":{"line":784,"column":358}},"784":{"start":{"line":785,"column":0},"end":{"line":785,"column":212}},"785":{"start":{"line":786,"column":0},"end":{"line":786,"column":35}},"786":{"start":{"line":787,"column":0},"end":{"line":787,"column":76}},"787":{"start":{"line":788,"column":0},"end":{"line":788,"column":210}},"788":{"start":{"line":789,"column":0},"end":{"line":789,"column":45}},"789":{"start":{"line":790,"column":0},"end":{"line":790,"column":209}},"790":{"start":{"line":791,"column":0},"end":{"line":791,"column":62}},"791":{"start":{"line":792,"column":0},"end":{"line":792,"column":300}},"792":{"start":{"line":793,"column":0},"end":{"line":793,"column":86}},"793":{"start":{"line":794,"column":0},"end":{"line":794,"column":519}},"794":{"start":{"line":795,"column":0},"end":{"line":795,"column":301}},"795":{"start":{"line":796,"column":0},"end":{"line":796,"column":208}},"796":{"start":{"line":797,"column":0},"end":{"line":797,"column":295}},"797":{"start":{"line":798,"column":0},"end":{"line":798,"column":57}},"798":{"start":{"line":799,"column":0},"end":{"line":799,"column":231}},"799":{"start":{"line":800,"column":0},"end":{"line":800,"column":8}},"800":{"start":{"line":801,"column":0},"end":{"line":801,"column":236}},"801":{"start":{"line":802,"column":0},"end":{"line":802,"column":351}},"802":{"start":{"line":803,"column":0},"end":{"line":803,"column":282}},"803":{"start":{"line":804,"column":0},"end":{"line":804,"column":260}},"804":{"start":{"line":805,"column":0},"end":{"line":805,"column":330}},"805":{"start":{"line":806,"column":0},"end":{"line":806,"column":907}},"806":{"start":{"line":807,"column":0},"end":{"line":807,"column":222}},"807":{"start":{"line":808,"column":0},"end":{"line":808,"column":80}},"808":{"start":{"line":809,"column":0},"end":{"line":809,"column":635}},"809":{"start":{"line":810,"column":0},"end":{"line":810,"column":55}},"810":{"start":{"line":811,"column":0},"end":{"line":811,"column":143}},"811":{"start":{"line":812,"column":0},"end":{"line":812,"column":59}},"812":{"start":{"line":813,"column":0},"end":{"line":813,"column":377}},"813":{"start":{"line":814,"column":0},"end":{"line":814,"column":89}},"814":{"start":{"line":815,"column":0},"end":{"line":815,"column":340}},"815":{"start":{"line":816,"column":0},"end":{"line":816,"column":37}},"816":{"start":{"line":817,"column":0},"end":{"line":817,"column":288}},"817":{"start":{"line":818,"column":0},"end":{"line":818,"column":4}},"818":{"start":{"line":819,"column":0},"end":{"line":819,"column":157}},"819":{"start":{"line":820,"column":0},"end":{"line":820,"column":711}},"820":{"start":{"line":821,"column":0},"end":{"line":821,"column":488}},"821":{"start":{"line":822,"column":0},"end":{"line":822,"column":385}},"822":{"start":{"line":823,"column":0},"end":{"line":823,"column":149}},"823":{"start":{"line":824,"column":0},"end":{"line":824,"column":349}},"824":{"start":{"line":825,"column":0},"end":{"line":825,"column":490}},"825":{"start":{"line":826,"column":0},"end":{"line":826,"column":132}},"826":{"start":{"line":827,"column":0},"end":{"line":827,"column":421}},"827":{"start":{"line":828,"column":0},"end":{"line":828,"column":491}},"828":{"start":{"line":829,"column":0},"end":{"line":829,"column":95}},"829":{"start":{"line":830,"column":0},"end":{"line":830,"column":297}},"830":{"start":{"line":831,"column":0},"end":{"line":831,"column":5}},"831":{"start":{"line":832,"column":0},"end":{"line":832,"column":45}},"832":{"start":{"line":833,"column":0},"end":{"line":833,"column":6}},"833":{"start":{"line":834,"column":0},"end":{"line":834,"column":31}},"834":{"start":{"line":835,"column":0},"end":{"line":835,"column":40}},"835":{"start":{"line":836,"column":0},"end":{"line":836,"column":385}},"836":{"start":{"line":837,"column":0},"end":{"line":837,"column":60}},"837":{"start":{"line":838,"column":0},"end":{"line":838,"column":173}},"838":{"start":{"line":839,"column":0},"end":{"line":839,"column":165}},"839":{"start":{"line":840,"column":0},"end":{"line":840,"column":111}},"840":{"start":{"line":841,"column":0},"end":{"line":841,"column":156}},"841":{"start":{"line":842,"column":0},"end":{"line":842,"column":1076}},"842":{"start":{"line":843,"column":0},"end":{"line":843,"column":285}},"843":{"start":{"line":844,"column":0},"end":{"line":844,"column":544}},"844":{"start":{"line":845,"column":0},"end":{"line":845,"column":704}},"845":{"start":{"line":846,"column":0},"end":{"line":846,"column":28}},"846":{"start":{"line":847,"column":0},"end":{"line":847,"column":28}},"847":{"start":{"line":848,"column":0},"end":{"line":848,"column":156}},"848":{"start":{"line":849,"column":0},"end":{"line":849,"column":46}},"849":{"start":{"line":850,"column":0},"end":{"line":850,"column":13}},"850":{"start":{"line":851,"column":0},"end":{"line":851,"column":65}},"851":{"start":{"line":852,"column":0},"end":{"line":852,"column":246}},"852":{"start":{"line":853,"column":0},"end":{"line":853,"column":13}},"853":{"start":{"line":854,"column":0},"end":{"line":854,"column":285}},"854":{"start":{"line":855,"column":0},"end":{"line":855,"column":75}},"855":{"start":{"line":856,"column":0},"end":{"line":856,"column":27}},"856":{"start":{"line":857,"column":0},"end":{"line":857,"column":201}},"857":{"start":{"line":858,"column":0},"end":{"line":858,"column":278}},"858":{"start":{"line":859,"column":0},"end":{"line":859,"column":89}},"859":{"start":{"line":860,"column":0},"end":{"line":860,"column":101}},"860":{"start":{"line":861,"column":0},"end":{"line":861,"column":401}},"861":{"start":{"line":862,"column":0},"end":{"line":862,"column":47}},"862":{"start":{"line":863,"column":0},"end":{"line":863,"column":95}},"863":{"start":{"line":864,"column":0},"end":{"line":864,"column":231}},"864":{"start":{"line":865,"column":0},"end":{"line":865,"column":141}},"865":{"start":{"line":866,"column":0},"end":{"line":866,"column":97}},"866":{"start":{"line":867,"column":0},"end":{"line":867,"column":286}},"867":{"start":{"line":868,"column":0},"end":{"line":868,"column":107}},"868":{"start":{"line":869,"
[...]
":{"line":45,"column":24}},"45":{"start":{"line":46,"column":0},"end":{"line":46,"column":23}},"46":{"start":{"line":47,"column":0},"end":{"line":47,"column":0}},"47":{"start":{"line":48,"column":0},"end":{"line":48,"column":21}},"48":{"start":{"line":49,"column":0},"end":{"line":49,"column":0}},"49":{"start":{"line":50,"column":0},"end":{"line":50,"column":41}},"50":{"start":{"line":51,"column":0},"end":{"line":51,"column":50}},"51":{"start":{"line":52,"column":0},"end":{"line":52,"column":0}},"52":{"start":{"line":53,"column":0},"end":{"line":53,"column":41}},"53":{"start":{"line":54,"column":0},"end":{"line":54,"column":0}},"54":{"start":{"line":55,"column":0},"end":{"line":55,"column":70}},"55":{"start":{"line":56,"column":0},"end":{"line":56,"column":0}},"56":{"start":{"line":57,"column":0},"end":{"line":57,"column":38}},"57":{"start":{"line":58,"column":0},"end":{"line":58,"column":1}},"58":{"start":{"line":59,"column":0},"end":{"line":59,"column":0}},"59":{"start":{"line":60,"column":0},"end":{"line":60,"column":23}},"60":{"start":{"line":61,"column":0},"end":{"line":61,"column":0}},"61":{"start":{"line":62,"column":0},"end":{"line":62,"column":10}},"62":{"start":{"line":63,"column":0},"end":{"line":63,"column":15}},"63":{"start":{"line":64,"column":0},"end":{"line":64,"column":16}},"64":{"start":{"line":65,"column":0},"end":{"line":65,"column":30}},"65":{"start":{"line":66,"column":0},"end":{"line":66,"column":0}},"66":{"start":{"line":67,"column":0},"end":{"line":67,"column":124}},"67":{"start":{"line":68,"column":0},"end":{"line":68,"column":49}},"68":{"start":{"line":69,"column":0},"end":{"line":69,"column":49}},"69":{"start":{"line":70,"column":0},"end":{"line":70,"column":49}},"70":{"start":{"line":71,"column":0},"end":{"line":71,"column":49}},"71":{"start":{"line":72,"column":0},"end":{"line":72,"column":0}},"72":{"start":{"line":73,"column":0},"end":{"line":73,"column":13}},"73":{"start":{"line":74,"column":0},"end":{"line":74,"column":8}},"74":{"start":{"line":75,"column":0},"end":{"line":75,"column":10}},"75":{"start":{"line":76,"column":0},"end":{"line":76,"column":85}},"76":{"start":{"line":77,"column":0},"end":{"line":77,"column":243}},"77":{"start":{"line":78,"column":0},"end":{"line":78,"column":14}},"78":{"start":{"line":79,"column":0},"end":{"line":79,"column":17}},"79":{"start":{"line":80,"column":0},"end":{"line":80,"column":11}},"80":{"start":{"line":81,"column":0},"end":{"line":81,"column":26}},"81":{"start":{"line":82,"column":0},"end":{"line":82,"column":82}},"82":{"start":{"line":83,"column":0},"end":{"line":83,"column":13}},"83":{"start":{"line":84,"column":0},"end":{"line":84,"column":0}},"84":{"start":{"line":85,"column":0},"end":{"line":85,"column":11}},"85":{"start":{"line":86,"column":0},"end":{"line":86,"column":0}},"86":{"start":{"line":87,"column":0},"end":{"line":87,"column":88}},"87":{"start":{"line":88,"column":0},"end":{"line":88,"column":0}},"88":{"start":{"line":89,"column":0},"end":{"line":89,"column":0}},"89":{"start":{"line":90,"column":0},"end":{"line":90,"column":16}},"90":{"start":{"line":91,"column":0},"end":{"line":91,"column":4}},"91":{"start":{"line":92,"column":0},"end":{"line":92,"column":4}},"92":{"start":{"line":93,"column":0},"end":{"line":93,"column":1}}},"s":{"0":1,"1":1,"2":1,"3":1,"4":1,"5":1,"6":1,"7":1,"8":1,"9":1,"10":1,"11":1,"12":3,"13":3,"14":3,"15":3,"16":3,"17":3,"18":3,"19":3,"20":3,"21":3,"22":0,"23":0,"24":0,"25":0,"26":0,"27":0,"28":0,"29":0,"30":0,"31":0,"32":0,"33":0,"34":0,"35":0,"36":3,"37":3,"38":0,"39":0,"40":0,"41":0,"42":3,"43":3,"44":0,"45":3,"46":3,"47":3,"48":0,"49":0,"50":0,"51":0,"52":0,"53":0,"54":0,"55":0,"56":0,"57":0,"58":0,"59":3,"60":3,"61":3,"62":3,"63":3,"64":3,"65":3,"66":3,"67":3,"68":3,"69":3,"70":3,"71":3,"72":3,"73":3,"74":3,"75":3,"76":2,"77":2,"78":3,"79":3,"80":3,"81":0,"82":3,"83":3,"84":3,"85":3,"86":3,"87":3,"88":3,"89":3,"90":3,"91":3,"92":3},"branchMap":{"0":{"type":"branch","line":12,"loc":{"start":{"line":12,"column":7},"end":{"line":93,"column":1}},"locations":[{"start":{"line":12,"column":7},"end":{"line":93,"column":1}}]},"1":{"type":"branch","line":76,"loc":{"start":{"line":76,"column":27},"end":{"line":78,"column":14}},"locations":[{"start":{"line":76,"column":27},"end":{"line":78,"column":14}}]},"2":{"type":"branch","line":81,"loc":{"start":{"line":81,"column":21},"end":{"line":82,"column":82}},"locations":[{"start":{"line":81,"column":21},"end":{"line":82,"column":82}}]},"3":{"type":"branch","line":87,"loc":{"start":{"line":87,"column":16},"end":{"line":87,"column":84}},"locations":[{"start":{"line":87,"column":16},"end":{"line":87,"column":84}}]}},"b":{"0":[3],"1":[2],"2":[0],"3":[2]},"fnMap":{"0":{"name":"Episodes","decl":{"start":{"line":12,"column":7},"end":{"line":93,"column":1}},"loc":{"start":{"line":12,"column":7},"end":{"line":93,"column":1}},"line":12},"1":{"name":"nextPagination","decl":{"start":{"line":22,"column":27},"end":{"line":36,"column":5}},"loc":{"start":{"line":22,"column":27},"end":{"line":36,"column":5}},"line":22},"2":{"name":"handleFilterSession","decl":{"start":{"line":38,"column":32},"end":{"line":42,"column":5}},"loc":{"start":{"line":38,"column":32},"end":{"line":42,"column":5}},"line":38},"3":{"name":"onChange","decl":{"start":{"line":67,"column":42},"end":{"line":67,"column":84}},"loc":{"start":{"line":67,"column":42},"end":{"line":67,"column":84}},"line":67}},"f":{"0":3,"1":0,"2":0,"3":0}}
,"/home/rafaelborges/Documentos/Code/bootcampTrabalho/projectPleno/pokemon-web/src/pages/Episodes/styles.ts": {"path":"/home/rafaelborges/Documentos/Code/bootcampTrabalho/projectPleno/pokemon-web/src/pages/Episodes/styles.ts","all":false,"statementMap":{"0":{"start":{"line":1,"column":0},"end":{"line":1,"column":33}},"1":{"start":{"line":2,"column":0},"end":{"line":2,"column":38}},"2":{"start":{"line":3,"column":0},"end":{"line":3,"column":32}},"3":{"start":{"line":4,"column":0},"end":{"line":4,"column":0}},"4":{"start":{"line":5,"column":0},"end":{"line":5,"column":36}},"5":{"start":{"line":6,"column":0},"end":{"line":6,"column":18}},"6":{"start":{"line":7,"column":0},"end":{"line":7,"column":24}},"7":{"start":{"line":8,"column":0},"end":{"line":8,"column":27}},"8":{"start":{"line":9,"column":0},"end":{"line":9,"column":18}},"9":{"start":{"line":10,"column":0},"end":{"line":10,"column":28}},"10":{"start":{"line":11,"column":0},"end":{"line":11,"column":25}},"11":{"start":{"line":12,"column":0},"end":{"line":12,"column":0}},"12":{"start":{"line":13,"column":0},"end":{"line":13,"column":2}},"13":{"start":{"line":14,"column":0},"end":{"line":14,"column":0}},"14":{"start":{"line":15,"column":0},"end":{"line":15,"column":31}},"15":{"start":{"line":16,"column":0},"end":{"line":16,"column":43}},"16":{"start":{"line":17,"column":0},"end":{"line":17,"column":41}},"17":{"start":{"line":18,"column":0},"end":{"line":18,"column":43}},"18":{"start":{"line":19,"column":0},"end":{"line":19,"column":32}},"19":{"start":{"line":20,"column":0},"end":{"line":20,"column":92}},"20":{"start":{"line":21,"column":0},"end":{"line":21,"column":0}},"21":{"start":{"line":22,"column":0},"end":{"line":22,"column":0}},"22":{"start":{"line":23,"column":0},"end":{"line":23,"column":52}},"23":{"start":{"line":24,"column":0},"end":{"line":24,"column":47}},"24":{"start":{"line":25,"column":0},"end":{"line":25,"column":5}},"25":{"start":{"line":26,"column":0},"end":{"line":26,"column":0}},"26":{"start":{"line":27,"column":0},"end":{"line":27,"column":51}},"27":{"start":{"line":28,"column":0},"end":{"line":28,"column":23}},"28":{"start":{"line":29,"column":0},"end":{"line":29,"column":8}},"29":{"start":{"line":30,"column":0},"end":{"line":30,"column":27}},"30":{"start":{"line":31,"column":0},"end":{"line":31,"column":44}},"31":{"start":{"line":32,"column":0},"end":{"line":32,"column":4}},"32":{"start":{"line":33,"column":0},"end":{"line":33,"column":5}},"33":{"start":{"line":34,"column":0},"end":{"line":34,"column":1}},"34":{"start":{"line":35,"column":0},"end":{"line":35,"column":1}},"35":{"start":{"line":36,"column":0},"end":{"line":36,"column":0}},"36":{"start":{"line":37,"column":0},"end":{"line":37,"column":31}},"37":{"start":{"line":38,"column":0},"end":{"line":38,"column":4}},"38":{"start":{"line":39,"column":0},"end":{"line":39,"column":18}},"39":{"start":{"line":40,"column":0},"end":{"line":40,"column":27}},"40":{"start":{"line":41,"column":0},"end":{"line":41,"column":25}},"41":{"start":{"line":42,"column":0},"end":{"line":42,"column":43}},"42":{"start":{"line":43,"column":0},"end":{"line":43,"column":1}},"43":{"start":{"line":44,"column":0},"end":{"line":44,"column":45}},"44":{"start":{"line":45,"column":0},"end":{"line":45,"column":4}},"45":{"start":{"line":46,"column":0},"end":{"line":46,"column":11}},"46":{"start":{"line":47,"column":0},"end":{"line":47,"column":49}},"47":{"start":{"line":48,"column":0},"end":{"line":48,"column":5}},"48":{"start":{"line":49,"column":0},"end":{"line":49,"column":4}},"49":{"start":{"line":50,"column":0},"end":{"line":50,"column":52}},"50":{"start":{"line":51,"column":0},"end":{"line":51,"column":47}},"51":{"start":{"line":52,"column":0},"end":{"line":52,"column":5}},"52":{"start":{"line":53,"column":0},"end":{"line":53,"column":0}},"53":{"start":{"line":54,"column":0},"end":{"line":54,"column":0}},"54":{"start":{"line":55,"column":0},"end":{"line":55,"column":51}},"55":{"start":{"line":56,"column":0},"end":{"line":56,"column":24}},"56":{"start":{"line":57,"column":0},"end":{"line":57,"column":32}},"57":{"start":{"line":58,"column":0},"end":{"line":58,"column":28}},"58":{"start":{"line":59,"column":0},"end":{"line":59,"column":5}},"59":{"start":{"line":60,"column":0},"end":{"line":60,"column":0}},"60":{"start":{"line":61,"column":0},"end":{"line":61,"column":0}},"61":{"start":{"line":62,"column":0},"end":{"line":62,"column":1}},"62":{"start":{"line":63,"column":0},"end":{"line":63,"column":0}},"63":{"start":{"line":64,"column":0},"end":{"line":64,"column":40}},"64":{"start":{"line":65,"column":0},"end":{"line":65,"column":17}},"65":{"start":{"line":66,"column":0},"end":{"line":66,"column":28}},"66":{"start":{"line":67,"column":0},"end":{"line":67,"column":47}},"67":{"start":{"line":68,"column":0},"end":{"line":68,"column":40}},"68":{"start":{"line":69,"column":0},"end":{"line":69,"column":42}},"69":{"start":{"line":70,"column":0},"end":{"line":70,"column":37}},"70":{"start":{"line":71,"column":0},"end":{"line":71,"column":17}},"71":{"start":{"line":72,"column":0},"end":{"line":72,"column":20}},"72":{"start":{"line":73,"column":0},"end":{"line":73,"column":27}},"73":{"start":{"line":74,"column":0},"end":{"line":74,"column":0}},"74":{"start":{"line":75,"column":0},"end":{"line":75,"column":13}},"75":{"start":{"line":76,"column":0},"end":{"line":76,"column":53}},"76":{"start":{"line":77,"column":0},"end":{"line":77,"column":3}},"77":{"start":{"line":78,"column":0},"end":{"line":78,"column":2}}},"s":{"0":1,"1":1,"2":1,"3":1,"4":1,"5":1,"6":1,"7":1,"8":1,"9":1,"10":1,"11":1,"12":1,"13":1,"14":1,"15":1,"16":1,"17":1,"18":1,"19":1,"20":1,"21":1,"22":1,"23":1,"24":1,"25":1,"26":1,"27":1,"28":1,"29":1,"30":1,"31":1,"32":1,"33":1,"34":1,"35":1,"36":1,"37":1,"38":1,"39":1,"40":1,"41":1,"42":1,"43":1,"44":1,"45":1,"46":1,"47":1,"48":1,"49":1,"50":1,"51":1,"52":1,"53":1,"54":1,"55":1,"56":1,"57":1,"58":1,"59":1,"60":1,"61":1,"62":1,"63":1,"64":1,"65":1,"66":1,"67":1,"68":1,"69":1,"70":1,"71":1,"72":1,"73":1,"74":1,"75":1,"76":1,"77":1},"branchMap":{},"b":{},"fnMap":{},"f":{}}
,"/home/rafaelborges/Documentos/Code/bootcampTrabalho/projectPleno/pokemon-web/src/pages/Home/index.tsx": {"path":"/home/rafaelborges/Documentos/Code/bootcampTrabalho/projectPleno/pokemon-web/src/pages/Home/index.tsx","all":false,"statementMap":{"0":{"start":{"line":1,"column":0},"end":{"line":1,"column":32}},"1":{"start":{"line":2,"column":0},"end":{"line":2,"column":47}},"2":{"start":{"line":3,"column":0},"end":{"line":3,"column":0}},"3":{"start":{"line":4,"column":0},"end":{"line":4,"column":67}},"4":{"start":{"line":5,"column":0},"end":{"line":5,"column":50}},"5":{"start":{"line":6,"column":0},"end":{"line":6,"column":32}},"6":{"start":{"line":7,"column":0},"end":{"line":7,"column":73}},"7":{"start":{"line":8,"column":0},"end":{"line":8,"column":0}},"8":{"start":{"line":9,"column":0},"end":{"line":9,"column":24}},"9":{"start":{"line":10,"column":0},"end":{"line":10,"column":33}},"10":{"start":{"line":11,"column":0},"end":{"line":11,"column":0}},"11":{"start":{"line":12,"column":0},"end":{"line":12,"column":36}},"12":{"start":{"line":13,"column":0},"end":{"line":13,"column":61}},"13":{"start":{"line":14,"column":0},"end":{"line":14,"column":17}},"14":{"start":{"line":15,"column":0},"end":{"line":15,"column":5}},"15":{"start":{"line":16,"column":0},"end":{"line":16,"column":15}},"16":{"start":{"line":17,"column":0},"end":{"line":17,"column":9}},"17":{"start":{"line":18,"column":0},"end":{"line":18,"column":0}},"18":{"start":{"line":19,"column":0},"end":{"line":19,"column":10}},"19":{"start":{"line":20,"column":0},"end":{"line":20,"column":15}},"20":{"start":{"line":21,"column":0},"end":{"line":21,"column":16}},"21":{"start":{"line":22,"column":0},"end":{"line":22,"column":15}},"22":{"start":{"line":23,"column":0},"end":{"line":23,"column":59}},"23":{"start":{"line":24,"column":0},"end":{"line":24,"column":43}},"24":{"start":{"line":25,"column":0},"end":{"line":25,"column":0}},"25":{"start":{"line":26,"column":0},"end":{"line":26,"column":21}},"26":{"start":{"line":27,"column":0},"end":{"line":27,"column":33}},"27":{"start":{"line":28,"column":0},"end":{"line":28,"column":56}},"28":{"start":{"line":29,"column":0},"end":{"line":29,"column":10}},"29":{"start":{"line":30,"column":0},"end":{"line":30,"column":0}},"30":{"start":{"line":31,"column":0},"end":{"line":31,"column":15}},"31":{"start":{"line":32,"column":0},"end":{"line":32,"column":27}},"32":{"start":{"line":33,"column":0},"end":{"line":33,"column":26}},"33":{"start":{"line":34,"column":0},"end":{"line":34,"column":36}},"34":{"start":{"line":35,"column":0},"end":{"line":35,"column":12}},"35":{"start":{"line":36,"column":0},"end":{"line":36,"column":9}},"36":{"start":{"line":37,"column":0},"end":{"line":37,"column":26}},"37":{"start":{"line":38,"column":0},"end":{"line":38,"column":17}},"38":{"start":{"line":39,"column":0},"end":{"line":39,"column":41}},"39":{"start":{"line":40,"column":0},"end":{"line":40,"column":16}},"40":{"start":{"line":41,"column":0},"end":{"line":41,"column":16}},"41":{"start":{"line":42,"column":0},"end":{"line":42,"column":4}},"42":{"start":{"line":43,"column":0},"end":{"line":43,"column":1}}},"s":{"0":1,"1":1,"2":1,"3":1,"4":1,"5":1,"6":1,"7":1,"8":1,"9":5,"10":5,"11":5,"12":0,"13":0,"14":0,"15":0,"16":5,"17":5,"18":5,"19":5,"20":5,"21":5,"22":5,"23":5,"24":5,"25":5,"26":5,"27":5,"28":5,"29":5,"30":5,"31":5,"32":5,"33":0,"34":0,"35":5,"36":5,"37":5,"38":5,"39":5,"40":5,"41":5,"42":5},"branchMap":{"0":{"type":"branch","line":9,"loc":{"start":{"line":9,"column":7},"end":{"line":43,"column":1}},"locations":[{"start":{"line":9,"column":7},"end":{"line":43,"column":1}}]}},"b":{"0":[5]},"fnMap":{"0":{"name":"Home","decl":{"start":{"line":9,"column":7},"end":{"line":43,"column":1}},"loc":{"start":{"line":9,"column":7},"end":{"line":43,"column":1}},"line":9},"1":{"name":"onClick","decl":{"start":{"line":33,"column":19},"end":{"line":35,"column":12}},"loc":{"start":{"line":33,"column":19},"end":{"line":35,"column":12}},"line":33}},"f":{"0":5,"1":0}}
,"/home/rafaelborges/Documentos/Code/bootcampTrabalho/projectPleno/pokemon-web/src/pages/Home/styles.ts": {"path":"/home/rafaelborges/Documentos/Code/bootcampTrabalho/projectPleno/pokemon-web/src/pages/Home/styles.ts","all":false,"statementMap":{"0":{"start":{"line":1,"column":0},"end":{"line":1,"column":39}},"1":{"start":{"line":2,"column":0},"end":{"line":2,"column":0}},"2":{"start":{"line":3,"column":0},"end":{"line":3,"column":32}},"3":{"start":{"line":4,"column":0},"end":{"line":4,"column":0}},"4":{"start":{"line":5,"column":0},"end":{"line":5,"column":38}},"5":{"start":{"line":6,"column":0},"end":{"line":6,"column":0}},"6":{"start":{"line":7,"column":0},"end":{"line":7,"column":34}},"7":{"start":{"line":8,"column":0},"end":{"line":8,"column":16}},"8":{"start":{"line":9,"column":0},"end":{"line":9,"column":22}},"9":{"start":{"line":10,"column":0},"end":{"line":10,"column":25}},"10":{"start":{"line":11,"column":0},"end":{"line":11,"column":40}},"11":{"start":{"line":12,"column":0},"end":{"line":12,"column":0}},"12":{"start":{"line":13,"column":0},"end":{"line":13,"column":52}},"13":{"start":{"line":14,"column":0},"end":{"line":14,"column":27}},"14":{"start":{"line":15,"column":0},"end":{"line":15,"column":3}},"15":{"start":{"line":16,"column":0},"end":{"line":16,"column":2}},"16":{"start":{"line":17,"column":0},"end":{"line":17,"column":0}},"17":{"start":{"line":18,"column":0},"end":{"line":18,"column":31}},"18":{"start":{"line":19,"column":0},"end":{"line":19,"column":30}},"19":{"start":{"line":20,"column":0},"end":{"line":20,"column":41}},"20":{"start":{"line":21,"column":0},"end":{"line":21,"column":38}},"21":{"start":{"line":22,"column":0},"end":{"line":22,"column":41}},"22":{"start":{"line":23,"column":0},"end":{"line":23,"column":21}},"23":{"start":{"line":24,"column":0},"end":{"line":24,"column":0}},"24":{"start":{"line":25,"column":0},"end":{"line":25,"column":38}},"25":{"start":{"line":26,"column":0},"end":{"line":26,"column":0}},"26":{"start":{"line":27,"column":0},"end":{"line":27,"column":51}},"27":{"start":{"line":28,"column":0},"end":{"line":28,"column":41}},"28":{"start":{"line":29,"column":0},"end":{"line":29,"column":43}},"29":{"start":{"line":30,"column":0},"end":{"line":30,"column":3}},"30":{"start":{"line":31,"column":0},"end":{"line":31,"column":2}},"31":{"start":{"line":32,"column":0},"end":{"line":32,"column":0}},"32":{"start":{"line":33,"column":0},"end":{"line":33,"column":39}},"33":{"start":{"line":34,"column":0},"end":{"line":34,"column":35}},"34":{"start":{"line":35,"column":0},"end":{"line":35,"column":40}},"35":{"start":{"line":36,"column":0},"end":{"line":36,"column":43}},"36":{"start":{"line":37,"column":0},"end":{"line":37,"column":0}},"37":{"start":{"line":38,"column":0},"end":{"line":38,"column":51}},"38":{"start":{"line":39,"column":0},"end":{"line":39,"column":37}},"39":{"start":{"line":40,"column":0},"end":{"line":40,"column":42}},"40":{"start":{"line":41,"column":0},"end":{"line":41,"column":45}},"41":{"start":{"line":42,"column":0},"end":{"line":42,"column":3}},"42":{"start":{"line":43,"column":0},"end":{"line":43,"column":2}},"43":{"start":{"line":44,"column":0},"end":{"line":44,"column":0}},"44":{"start":{"line":45,"column":0},"end":{"line":45,"column":32}},"45":{"start":{"line":46,"column":0},"end":{"line":46,"column":40}},"46":{"start":{"line":47,"column":0},"end":{"line":47,"column":35}},"47":{"start":{"line":48,"column":0},"end":{"line":48,"column":2}}},"s":{"0":1,"1":1,"2":1,"3":1,"4":1,"5":1,"6":1,"7":1,"8":1,"9":1,"10":1,"11":1,"12":1,"13":1,"14":1,"15":1,"16":1,"17":1,"18":1,"19":1,"20":1,"21":1,"22":1,"23":1,"24":1,"25":1,"26":1,"27":1,"28":1,"29":1,"30":1,"31":1,"32":1,"33":1,"34":1,"35":1,"36":1,"37":1,"38":1,"39":1,"40":1,"41":1,"42":1,"43":1,"44":1,"45":1,"46":1,"47":1},"branchMap":{},"b":{},"fnMap":{},"f":{}}
,"/home/rafaelborges/Documentos/Code/bootcampTrabalho/projectPleno/pokemon-web/src/services/api.ts": {"path":"/home/rafaelborges/Documentos/Code/bootcampTrabalho/projectPleno/pokemon-web/src/services/api.ts","all":false,"statementMap":{"0":{"start":{"line":1,"column":0},"end":{"line":1,"column":26}},"1":{"start":{"line":2,"column":0},"end":{"line":2,"column":0}},"2":{"start":{"line":3,"column":0},"end":{"line":3,"column":33}},"3":{"start":{"line":4,"column":0},"end":{"line":4,"column":45}},"4":{"start":{"line":5,"column":0},"end":{"line":5,"column":3}}},"s":{"0":1,"1":1,"2":1,"3":1,"4":1},"branchMap":{},"b":{},"fnMap":{},"f":{}}
}
